[     509ms] [VERBOSE] [DOM] Input elements should have autocomplete attributes (suggested: "current-password"): (More info: https://goo.gl/9p2vKq) %o @ https://test-lien.photo-ac.com/auth/login:0
[     547ms] [WARNING] [GPT] PubAdsService.enableSingleRequest is deprecated, use googletag.setConfig({singleRequest: ...}) instead.
https://goo.gle/gpt-message#170 @ https://securepubads.g.doubleclick.net/pagead/managed/js/gpt/m202607010101/pubads_impl.js?cb=31099555:18
[   14546ms] Invalid regular expression: missing /
[   14570ms] [VERBOSE] [DOM] Input elements should have autocomplete attributes (suggested: "current-password"): (More info: https://goo.gl/9p2vKq) %o @ https://test-lien.photo-ac.com/creator/dashboard/:0
[   14570ms] [VERBOSE] [DOM] Input elements should have autocomplete attributes (suggested: "current-password"): (More info: https://goo.gl/9p2vKq) %o @ https://test-lien.photo-ac.com/creator/dashboard/:0
[   14570ms] [VERBOSE] [DOM] Input elements should have autocomplete attributes (suggested: "current-password"): (More info: https://goo.gl/9p2vKq) %o @ https://test-lien.photo-ac.com/creator/dashboard/:0
[   14669ms] [ERROR] Access to XMLHttpRequest at 'https://test.freebie-ac.jp/api/pinnedpost.php?type=x' from origin 'https://test-lien.photo-ac.com' has been blocked by CORS policy: No 'Access-Control-Allow-Origin' header is present on the requested resource. @ https://test-lien.photo-ac.com/creator/dashboard/:0
[   14669ms] [ERROR] Failed to fetch Twitter timeline:  @ https://test-lien.photo-ac.com/assets/js/app-common.js?v=20260616:76
[   14670ms] [ERROR] Failed to load resource: net::ERR_FAILED @ https://test.freebie-ac.jp/api/pinnedpost.php?type=x:0
[   14691ms] [WARNING] [GPT] PubAdsService.enableSingleRequest is deprecated, use googletag.setConfig({singleRequest: ...}) instead.
https://goo.gle/gpt-message#170 @ https://securepubads.g.doubleclick.net/pagead/managed/js/gpt/m202607070101/pubads_impl.js?cb=31099590:18
[   14692ms] [WARNING] [GPT] Slot.getTargeting is deprecated, use Slot.getConfig('targeting') instead.
https://goo.gle/gpt-message#201 @ https://securepubads.g.doubleclick.net/pagead/managed/js/gpt/m202607070101/pubads_impl.js?cb=31099590:18
[   14742ms] [LOG] [FLUX-DEBUG] About to create flux instance @ https://flux-cdn.com/client/1000158/photo-ac_1367.min.js:0
[   14742ms] [LOG] [FLUX-DEBUG] fluxFactory called @ https://flux-cdn.com/client/1000158/photo-ac_1367.min.js:0
[   14742ms] [LOG] [FLUX-DEBUG] Persistence created @ https://flux-cdn.com/client/1000158/photo-ac_1367.min.js:0
[   14742ms] [LOG] [FLUX-DEBUG] Flux instance created @ https://flux-cdn.com/client/1000158/photo-ac_1367.min.js:0
[   14742ms] [LOG] [FLUX-DEBUG] flux instance created, isInitialized: false @ https://flux-cdn.com/client/1000158/photo-ac_1367.min.js:0
[   14742ms] [LOG] [FLUX-DEBUG] flux.init called with clientID: 1367 config: {plugins: Array(1)} @ https://flux-cdn.com/client/1000158/photo-ac_1367.min.js:0
[   14742ms] [LOG] [FLUX-DEBUG] clientID set to: 1367 @ https://flux-cdn.com/client/1000158/photo-ac_1367.min.js:0
[   14743ms] [LOG] [FLUX-DEBUG] isInitialized set to true @ https://flux-cdn.com/client/1000158/photo-ac_1367.min.js:0
[   14743ms] [LOG] [FLUX-DEBUG] trackPageView is enabled, calling trackPageview() @ https://flux-cdn.com/client/1000158/photo-ac_1367.min.js:0
[   14745ms] [LOG] [FLUX-DEBUG] No queued events to process @ https://flux-cdn.com/client/1000158/photo-ac_1367.min.js:0
[   14745ms] [LOG] [FLUX-DEBUG] flux.init completed successfully @ https://flux-cdn.com/client/1000158/photo-ac_1367.min.js:0
[   17020ms] [ERROR] Failed to load resource: net::ERR_CONNECTION_REFUSED @ https://btloader.com/tag?aax_id=AAX8H6U9H&upapi=true:0
[   20327ms] [ERROR] Failed to load resource: the server responded with a status of 400 () @ https://match.prod.bidr.io/cookie-sync/richaudience?gdpr=0&gdpr_consent=:0
[   21990ms] [ERROR] Failed to load resource: net::ERR_CONNECTION_REFUSED @ https://ib.adnxs.com/async_usersync?cbfn=queuePixels:0
[   21990ms] [ERROR] Failed to load resource: net::ERR_CONNECTION_REFUSED @ https://ib.adnxs.com/async_usersync?cbfn=queuePixels:0
[   22068ms] [ERROR] Failed to load resource: net::ERR_CONNECTION_REFUSED @ https://ib.adnxs.com/getuid?https%3A%2F%2Fsync.richaudience.com%2Fa939d25b950298d0a5d324cea4fcd3d1%2F%3Fuid%3D$UID&gdpr=0&gdpr_consent=:0
[   22098ms] [ERROR] Failed to load resource: net::ERR_CONNECTION_REFUSED @ https://secure.adnxs.com/getuid?https%3A%2F%2Frtb-csync.smartadserver.com%2Fredir%2F%3Fissi%3D1%26partnerid%3D86%26partneruserid%3D$UID&gdpr=0&gdpr_consent=:0
[   22253ms] [ERROR] Failed to load resource: net::ERR_CONNECTION_REFUSED @ https://secure.adnxs.com/getuid?https%3a%2f%2fssp-sync.criteo.com%2fuser-sync%2fmatch%3fp%3dvFzv8l82ZEc2R0VIVjgyJTJGdE42NkN3emttRVBjTUtVVTlJbDFUMTRjRkVhbGFwdEklM0Q%26u%3d%24UID&gdpr=0&gdpr_consent=:0
[   22254ms] [ERROR] Failed to load resource: net::ERR_CONNECTION_REFUSED @ https://ib.adnxs.com/getuid?https://id5-sync.com/c/102/2/8/2.gif?puid=$UID&gdpr=0&gdpr_consent=:0
