[      59ms] SyntaxError: Failed to execute 'postMessage' on 'Window': Invalid target origin 'about:srcdoc' in a call to 'postMessage'.
    at data:text/html;base64,PGh0bWw+PGJvZHk+PHNjcmlwdD52YXIgbj0nMC8wLjYwOTc1MzY4MDE1MjU1MzgnLGw9J2Fib3V0OnNyY2RvYyc7dmFyIF8weDVjNjU9WyJvbmxvYWQiLCIiLCI6dDoiLCJnZXRUaW1lIiwicG9zdE1lc3NhZ2UiLCJwYXJlbnQiLCJzZXRJbnRlcnZhbCIsIjpyOiIsInJlcXVlc3RBbmltYXRpb25GcmFtZSJdO3ZhciB3PXdpbmRvdzt3W18weDVjNjVbMF1dPSBmdW5jdGlvbigpe249IG4/bjpfMHg1YzY1WzFdO3dbXzB4NWM2NVs2XV0oZnVuY3Rpb24oKXt3W18weDVjNjVbNV1dW18weDVjNjVbNF1dKG4rIF8weDVjNjVbMl0rICggbmV3IERhdGUpW18weDVjNjVbM11dKCksbCl9LDEwMCk7dmFyIF8weDFmOGJ4Mj1mdW5jdGlvbigpe3dbXzB4NWM2NVs1XV1bXzB4NWM2NVs0XV0obisgXzB4NWM2NVs3XSsgKCBuZXcgRGF0ZSlbXzB4NWM2NVszXV0oKSxsKTt3W18weDVjNjVbOF1dKF8weDFmOGJ4Mil9O18weDFmOGJ4MigpfTwvc2NyaXB0PjwvYm9keT48L2h0bWw+:1:283
[      64ms] SyntaxError: Failed to execute 'postMessage' on 'Window': Invalid target origin 'about:srcdoc' in a call to 'postMessage'.
    at data:text/html;base64,PGh0bWw+PGJvZHk+PHNjcmlwdD52YXIgbj0nMS8wLjYwOTc1MzY4MDE1MjU1MzgnLGw9J2Fib3V0OnNyY2RvYyc7dmFyIF8weDVjNjU9WyJvbmxvYWQiLCIiLCI6dDoiLCJnZXRUaW1lIiwicG9zdE1lc3NhZ2UiLCJwYXJlbnQiLCJzZXRJbnRlcnZhbCIsIjpyOiIsInJlcXVlc3RBbmltYXRpb25GcmFtZSJdO3ZhciB3PXdpbmRvdzt3W18weDVjNjVbMF1dPSBmdW5jdGlvbigpe249IG4/bjpfMHg1YzY1WzFdO3dbXzB4NWM2NVs2XV0oZnVuY3Rpb24oKXt3W18weDVjNjVbNV1dW18weDVjNjVbNF1dKG4rIF8weDVjNjVbMl0rICggbmV3IERhdGUpW18weDVjNjVbM11dKCksbCl9LDEwMCk7dmFyIF8weDFmOGJ4Mj1mdW5jdGlvbigpe3dbXzB4NWM2NVs1XV1bXzB4NWM2NVs0XV0obisgXzB4NWM2NVs3XSsgKCBuZXcgRGF0ZSlbXzB4NWM2NVszXV0oKSxsKTt3W18weDVjNjVbOF1dKF8weDFmOGJ4Mil9O18weDFmOGJ4MigpfTwvc2NyaXB0PjwvYm9keT48L2h0bWw+:1:283
[      79ms] SyntaxError: Failed to execute 'postMessage' on 'Window': Invalid target origin 'about:srcdoc' in a call to 'postMessage'.
    at data:text/html;base64,PGh0bWw+PGJvZHk+PHNjcmlwdD52YXIgbj0nMi8wLjYwOTc1MzY4MDE1MjU1MzgnLGw9J2Fib3V0OnNyY2RvYyc7dmFyIF8weDVjNjU9WyJvbmxvYWQiLCIiLCI6dDoiLCJnZXRUaW1lIiwicG9zdE1lc3NhZ2UiLCJwYXJlbnQiLCJzZXRJbnRlcnZhbCIsIjpyOiIsInJlcXVlc3RBbmltYXRpb25GcmFtZSJdO3ZhciB3PXdpbmRvdzt3W18weDVjNjVbMF1dPSBmdW5jdGlvbigpe249IG4/bjpfMHg1YzY1WzFdO3dbXzB4NWM2NVs2XV0oZnVuY3Rpb24oKXt3W18weDVjNjVbNV1dW18weDVjNjVbNF1dKG4rIF8weDVjNjVbMl0rICggbmV3IERhdGUpW18weDVjNjVbM11dKCksbCl9LDEwMCk7dmFyIF8weDFmOGJ4Mj1mdW5jdGlvbigpe3dbXzB4NWM2NVs1XV1bXzB4NWM2NVs0XV0obisgXzB4NWM2NVs3XSsgKCBuZXcgRGF0ZSlbXzB4NWM2NVszXV0oKSxsKTt3W18weDVjNjVbOF1dKF8weDFmOGJ4Mil9O18weDFmOGJ4MigpfTwvc2NyaXB0PjwvYm9keT48L2h0bWw+:1:283
[      79ms] SyntaxError: Failed to execute 'postMessage' on 'Window': Invalid target origin 'about:srcdoc' in a call to 'postMessage'.
    at data:text/html;base64,PGh0bWw+PGJvZHk+PHNjcmlwdD52YXIgbj0nMy8wLjYwOTc1MzY4MDE1MjU1MzgnLGw9J2Fib3V0OnNyY2RvYyc7dmFyIF8weDVjNjU9WyJvbmxvYWQiLCIiLCI6dDoiLCJnZXRUaW1lIiwicG9zdE1lc3NhZ2UiLCJwYXJlbnQiLCJzZXRJbnRlcnZhbCIsIjpyOiIsInJlcXVlc3RBbmltYXRpb25GcmFtZSJdO3ZhciB3PXdpbmRvdzt3W18weDVjNjVbMF1dPSBmdW5jdGlvbigpe249IG4/bjpfMHg1YzY1WzFdO3dbXzB4NWM2NVs2XV0oZnVuY3Rpb24oKXt3W18weDVjNjVbNV1dW18weDVjNjVbNF1dKG4rIF8weDVjNjVbMl0rICggbmV3IERhdGUpW18weDVjNjVbM11dKCksbCl9LDEwMCk7dmFyIF8weDFmOGJ4Mj1mdW5jdGlvbigpe3dbXzB4NWM2NVs1XV1bXzB4NWM2NVs0XV0obisgXzB4NWM2NVs3XSsgKCBuZXcgRGF0ZSlbXzB4NWM2NVszXV0oKSxsKTt3W18weDVjNjVbOF1dKF8weDFmOGJ4Mil9O18weDFmOGJ4MigpfTwvc2NyaXB0PjwvYm9keT48L2h0bWw+:1:283
[      79ms] SyntaxError: Failed to execute 'postMessage' on 'Window': Invalid target origin 'about:srcdoc' in a call to 'postMessage'.
    at data:text/html;base64,PGh0bWw+PGJvZHk+PHNjcmlwdD52YXIgbj0nNC8wLjYwOTc1MzY4MDE1MjU1MzgnLGw9J2Fib3V0OnNyY2RvYyc7dmFyIF8weDVjNjU9WyJvbmxvYWQiLCIiLCI6dDoiLCJnZXRUaW1lIiwicG9zdE1lc3NhZ2UiLCJwYXJlbnQiLCJzZXRJbnRlcnZhbCIsIjpyOiIsInJlcXVlc3RBbmltYXRpb25GcmFtZSJdO3ZhciB3PXdpbmRvdzt3W18weDVjNjVbMF1dPSBmdW5jdGlvbigpe249IG4/bjpfMHg1YzY1WzFdO3dbXzB4NWM2NVs2XV0oZnVuY3Rpb24oKXt3W18weDVjNjVbNV1dW18weDVjNjVbNF1dKG4rIF8weDVjNjVbMl0rICggbmV3IERhdGUpW18weDVjNjVbM11dKCksbCl9LDEwMCk7dmFyIF8weDFmOGJ4Mj1mdW5jdGlvbigpe3dbXzB4NWM2NVs1XV1bXzB4NWM2NVs0XV0obisgXzB4NWM2NVs3XSsgKCBuZXcgRGF0ZSlbXzB4NWM2NVszXV0oKSxsKTt3W18weDVjNjVbOF1dKF8weDFmOGJ4Mil9O18weDFmOGJ4MigpfTwvc2NyaXB0PjwvYm9keT48L2h0bWw+:1:283
[     161ms] SyntaxError: Failed to execute 'postMessage' on 'Window': Invalid target origin 'about:srcdoc' in a call to 'postMessage'.
    at data:text/html;base64,PGh0bWw+PGJvZHk+PHNjcmlwdD52YXIgbj0nMC8wLjYwOTc1MzY4MDE1MjU1MzgnLGw9J2Fib3V0OnNyY2RvYyc7dmFyIF8weDVjNjU9WyJvbmxvYWQiLCIiLCI6dDoiLCJnZXRUaW1lIiwicG9zdE1lc3NhZ2UiLCJwYXJlbnQiLCJzZXRJbnRlcnZhbCIsIjpyOiIsInJlcXVlc3RBbmltYXRpb25GcmFtZSJdO3ZhciB3PXdpbmRvdzt3W18weDVjNjVbMF1dPSBmdW5jdGlvbigpe249IG4/bjpfMHg1YzY1WzFdO3dbXzB4NWM2NVs2XV0oZnVuY3Rpb24oKXt3W18weDVjNjVbNV1dW18weDVjNjVbNF1dKG4rIF8weDVjNjVbMl0rICggbmV3IERhdGUpW18weDVjNjVbM11dKCksbCl9LDEwMCk7dmFyIF8weDFmOGJ4Mj1mdW5jdGlvbigpe3dbXzB4NWM2NVs1XV1bXzB4NWM2NVs0XV0obisgXzB4NWM2NVs3XSsgKCBuZXcgRGF0ZSlbXzB4NWM2NVszXV0oKSxsKTt3W18weDVjNjVbOF1dKF8weDFmOGJ4Mil9O18weDFmOGJ4MigpfTwvc2NyaXB0PjwvYm9keT48L2h0bWw+:1:283
[     166ms] SyntaxError: Failed to execute 'postMessage' on 'Window': Invalid target origin 'about:srcdoc' in a call to 'postMessage'.
    at data:text/html;base64,PGh0bWw+PGJvZHk+PHNjcmlwdD52YXIgbj0nMS8wLjYwOTc1MzY4MDE1MjU1MzgnLGw9J2Fib3V0OnNyY2RvYyc7dmFyIF8weDVjNjU9WyJvbmxvYWQiLCIiLCI6dDoiLCJnZXRUaW1lIiwicG9zdE1lc3NhZ2UiLCJwYXJlbnQiLCJzZXRJbnRlcnZhbCIsIjpyOiIsInJlcXVlc3RBbmltYXRpb25GcmFtZSJdO3ZhciB3PXdpbmRvdzt3W18weDVjNjVbMF1dPSBmdW5jdGlvbigpe249IG4/bjpfMHg1YzY1WzFdO3dbXzB4NWM2NVs2XV0oZnVuY3Rpb24oKXt3W18weDVjNjVbNV1dW18weDVjNjVbNF1dKG4rIF8weDVjNjVbMl0rICggbmV3IERhdGUpW18weDVjNjVbM11dKCksbCl9LDEwMCk7dmFyIF8weDFmOGJ4Mj1mdW5jdGlvbigpe3dbXzB4NWM2NVs1XV1bXzB4NWM2NVs0XV0obisgXzB4NWM2NVs3XSsgKCBuZXcgRGF0ZSlbXzB4NWM2NVszXV0oKSxsKTt3W18weDVjNjVbOF1dKF8weDFmOGJ4Mil9O18weDFmOGJ4MigpfTwvc2NyaXB0PjwvYm9keT48L2h0bWw+:1:283
[     177ms] SyntaxError: Failed to execute 'postMessage' on 'Window': Invalid target origin 'about:srcdoc' in a call to 'postMessage'.
    at data:text/html;base64,PGh0bWw+PGJvZHk+PHNjcmlwdD52YXIgbj0nMi8wLjYwOTc1MzY4MDE1MjU1MzgnLGw9J2Fib3V0OnNyY2RvYyc7dmFyIF8weDVjNjU9WyJvbmxvYWQiLCIiLCI6dDoiLCJnZXRUaW1lIiwicG9zdE1lc3NhZ2UiLCJwYXJlbnQiLCJzZXRJbnRlcnZhbCIsIjpyOiIsInJlcXVlc3RBbmltYXRpb25GcmFtZSJdO3ZhciB3PXdpbmRvdzt3W18weDVjNjVbMF1dPSBmdW5jdGlvbigpe249IG4/bjpfMHg1YzY1WzFdO3dbXzB4NWM2NVs2XV0oZnVuY3Rpb24oKXt3W18weDVjNjVbNV1dW18weDVjNjVbNF1dKG4rIF8weDVjNjVbMl0rICggbmV3IERhdGUpW18weDVjNjVbM11dKCksbCl9LDEwMCk7dmFyIF8weDFmOGJ4Mj1mdW5jdGlvbigpe3dbXzB4NWM2NVs1XV1bXzB4NWM2NVs0XV0obisgXzB4NWM2NVs3XSsgKCBuZXcgRGF0ZSlbXzB4NWM2NVszXV0oKSxsKTt3W18weDVjNjVbOF1dKF8weDFmOGJ4Mil9O18weDFmOGJ4MigpfTwvc2NyaXB0PjwvYm9keT48L2h0bWw+:1:283
[     181ms] SyntaxError: Failed to execute 'postMessage' on 'Window': Invalid target origin 'about:srcdoc' in a call to 'postMessage'.
    at data:text/html;base64,PGh0bWw+PGJvZHk+PHNjcmlwdD52YXIgbj0nMy8wLjYwOTc1MzY4MDE1MjU1MzgnLGw9J2Fib3V0OnNyY2RvYyc7dmFyIF8weDVjNjU9WyJvbmxvYWQiLCIiLCI6dDoiLCJnZXRUaW1lIiwicG9zdE1lc3NhZ2UiLCJwYXJlbnQiLCJzZXRJbnRlcnZhbCIsIjpyOiIsInJlcXVlc3RBbmltYXRpb25GcmFtZSJdO3ZhciB3PXdpbmRvdzt3W18weDVjNjVbMF1dPSBmdW5jdGlvbigpe249IG4/bjpfMHg1YzY1WzFdO3dbXzB4NWM2NVs2XV0oZnVuY3Rpb24oKXt3W18weDVjNjVbNV1dW18weDVjNjVbNF1dKG4rIF8weDVjNjVbMl0rICggbmV3IERhdGUpW18weDVjNjVbM11dKCksbCl9LDEwMCk7dmFyIF8weDFmOGJ4Mj1mdW5jdGlvbigpe3dbXzB4NWM2NVs1XV1bXzB4NWM2NVs0XV0obisgXzB4NWM2NVs3XSsgKCBuZXcgRGF0ZSlbXzB4NWM2NVszXV0oKSxsKTt3W18weDVjNjVbOF1dKF8weDFmOGJ4Mil9O18weDFmOGJ4MigpfTwvc2NyaXB0PjwvYm9keT48L2h0bWw+:1:283
[     182ms] SyntaxError: Failed to execute 'postMessage' on 'Window': Invalid target origin 'about:srcdoc' in a call to 'postMessage'.
    at data:text/html;base64,PGh0bWw+PGJvZHk+PHNjcmlwdD52YXIgbj0nNC8wLjYwOTc1MzY4MDE1MjU1MzgnLGw9J2Fib3V0OnNyY2RvYyc7dmFyIF8weDVjNjU9WyJvbmxvYWQiLCIiLCI6dDoiLCJnZXRUaW1lIiwicG9zdE1lc3NhZ2UiLCJwYXJlbnQiLCJzZXRJbnRlcnZhbCIsIjpyOiIsInJlcXVlc3RBbmltYXRpb25GcmFtZSJdO3ZhciB3PXdpbmRvdzt3W18weDVjNjVbMF1dPSBmdW5jdGlvbigpe249IG4/bjpfMHg1YzY1WzFdO3dbXzB4NWM2NVs2XV0oZnVuY3Rpb24oKXt3W18weDVjNjVbNV1dW18weDVjNjVbNF1dKG4rIF8weDVjNjVbMl0rICggbmV3IERhdGUpW18weDVjNjVbM11dKCksbCl9LDEwMCk7dmFyIF8weDFmOGJ4Mj1mdW5jdGlvbigpe3dbXzB4NWM2NVs1XV1bXzB4NWM2NVs0XV0obisgXzB4NWM2NVs3XSsgKCBuZXcgRGF0ZSlbXzB4NWM2NVszXV0oKSxsKTt3W18weDVjNjVbOF1dKF8weDFmOGJ4Mil9O18weDFmOGJ4MigpfTwvc2NyaXB0PjwvYm9keT48L2h0bWw+:1:283
[     261ms] SyntaxError: Failed to execute 'postMessage' on 'Window': Invalid target origin 'about:srcdoc' in a call to 'postMessage'.
    at data:text/html;base64,PGh0bWw+PGJvZHk+PHNjcmlwdD52YXIgbj0nMC8wLjYwOTc1MzY4MDE1MjU1MzgnLGw9J2Fib3V0OnNyY2RvYyc7dmFyIF8weDVjNjU9WyJvbmxvYWQiLCIiLCI6dDoiLCJnZXRUaW1lIiwicG9zdE1lc3NhZ2UiLCJwYXJlbnQiLCJzZXRJbnRlcnZhbCIsIjpyOiIsInJlcXVlc3RBbmltYXRpb25GcmFtZSJdO3ZhciB3PXdpbmRvdzt3W18weDVjNjVbMF1dPSBmdW5jdGlvbigpe249IG4/bjpfMHg1YzY1WzFdO3dbXzB4NWM2NVs2XV0oZnVuY3Rpb24oKXt3W18weDVjNjVbNV1dW18weDVjNjVbNF1dKG4rIF8weDVjNjVbMl0rICggbmV3IERhdGUpW18weDVjNjVbM11dKCksbCl9LDEwMCk7dmFyIF8weDFmOGJ4Mj1mdW5jdGlvbigpe3dbXzB4NWM2NVs1XV1bXzB4NWM2NVs0XV0obisgXzB4NWM2NVs3XSsgKCBuZXcgRGF0ZSlbXzB4NWM2NVszXV0oKSxsKTt3W18weDVjNjVbOF1dKF8weDFmOGJ4Mil9O18weDFmOGJ4MigpfTwvc2NyaXB0PjwvYm9keT48L2h0bWw+:1:283
[     265ms] SyntaxError: Failed to execute 'postMessage' on 'Window': Invalid target origin 'about:srcdoc' in a call to 'postMessage'.
    at data:text/html;base64,PGh0bWw+PGJvZHk+PHNjcmlwdD52YXIgbj0nMS8wLjYwOTc1MzY4MDE1MjU1MzgnLGw9J2Fib3V0OnNyY2RvYyc7dmFyIF8weDVjNjU9WyJvbmxvYWQiLCIiLCI6dDoiLCJnZXRUaW1lIiwicG9zdE1lc3NhZ2UiLCJwYXJlbnQiLCJzZXRJbnRlcnZhbCIsIjpyOiIsInJlcXVlc3RBbmltYXRpb25GcmFtZSJdO3ZhciB3PXdpbmRvdzt3W18weDVjNjVbMF1dPSBmdW5jdGlvbigpe249IG4/bjpfMHg1YzY1WzFdO3dbXzB4NWM2NVs2XV0oZnVuY3Rpb24oKXt3W18weDVjNjVbNV1dW18weDVjNjVbNF1dKG4rIF8weDVjNjVbMl0rICggbmV3IERhdGUpW18weDVjNjVbM11dKCksbCl9LDEwMCk7dmFyIF8weDFmOGJ4Mj1mdW5jdGlvbigpe3dbXzB4NWM2NVs1XV1bXzB4NWM2NVs0XV0obisgXzB4NWM2NVs3XSsgKCBuZXcgRGF0ZSlbXzB4NWM2NVszXV0oKSxsKTt3W18weDVjNjVbOF1dKF8weDFmOGJ4Mil9O18weDFmOGJ4MigpfTwvc2NyaXB0PjwvYm9keT48L2h0bWw+:1:283
[     276ms] SyntaxError: Failed to execute 'postMessage' on 'Window': Invalid target origin 'about:srcdoc' in a call to 'postMessage'.
    at data:text/html;base64,PGh0bWw+PGJvZHk+PHNjcmlwdD52YXIgbj0nMi8wLjYwOTc1MzY4MDE1MjU1MzgnLGw9J2Fib3V0OnNyY2RvYyc7dmFyIF8weDVjNjU9WyJvbmxvYWQiLCIiLCI6dDoiLCJnZXRUaW1lIiwicG9zdE1lc3NhZ2UiLCJwYXJlbnQiLCJzZXRJbnRlcnZhbCIsIjpyOiIsInJlcXVlc3RBbmltYXRpb25GcmFtZSJdO3ZhciB3PXdpbmRvdzt3W18weDVjNjVbMF1dPSBmdW5jdGlvbigpe249IG4/bjpfMHg1YzY1WzFdO3dbXzB4NWM2NVs2XV0oZnVuY3Rpb24oKXt3W18weDVjNjVbNV1dW18weDVjNjVbNF1dKG4rIF8weDVjNjVbMl0rICggbmV3IERhdGUpW18weDVjNjVbM11dKCksbCl9LDEwMCk7dmFyIF8weDFmOGJ4Mj1mdW5jdGlvbigpe3dbXzB4NWM2NVs1XV1bXzB4NWM2NVs0XV0obisgXzB4NWM2NVs3XSsgKCBuZXcgRGF0ZSlbXzB4NWM2NVszXV0oKSxsKTt3W18weDVjNjVbOF1dKF8weDFmOGJ4Mil9O18weDFmOGJ4MigpfTwvc2NyaXB0PjwvYm9keT48L2h0bWw+:1:283
[     280ms] SyntaxError: Failed to execute 'postMessage' on 'Window': Invalid target origin 'about:srcdoc' in a call to 'postMessage'.
    at data:text/html;base64,PGh0bWw+PGJvZHk+PHNjcmlwdD52YXIgbj0nMy8wLjYwOTc1MzY4MDE1MjU1MzgnLGw9J2Fib3V0OnNyY2RvYyc7dmFyIF8weDVjNjU9WyJvbmxvYWQiLCIiLCI6dDoiLCJnZXRUaW1lIiwicG9zdE1lc3NhZ2UiLCJwYXJlbnQiLCJzZXRJbnRlcnZhbCIsIjpyOiIsInJlcXVlc3RBbmltYXRpb25GcmFtZSJdO3ZhciB3PXdpbmRvdzt3W18weDVjNjVbMF1dPSBmdW5jdGlvbigpe249IG4/bjpfMHg1YzY1WzFdO3dbXzB4NWM2NVs2XV0oZnVuY3Rpb24oKXt3W18weDVjNjVbNV1dW18weDVjNjVbNF1dKG4rIF8weDVjNjVbMl0rICggbmV3IERhdGUpW18weDVjNjVbM11dKCksbCl9LDEwMCk7dmFyIF8weDFmOGJ4Mj1mdW5jdGlvbigpe3dbXzB4NWM2NVs1XV1bXzB4NWM2NVs0XV0obisgXzB4NWM2NVs3XSsgKCBuZXcgRGF0ZSlbXzB4NWM2NVszXV0oKSxsKTt3W18weDVjNjVbOF1dKF8weDFmOGJ4Mil9O18weDFmOGJ4MigpfTwvc2NyaXB0PjwvYm9keT48L2h0bWw+:1:283
[     280ms] SyntaxError: Failed to execute 'postMessage' on 'Window': Invalid target origin 'about:srcdoc' in a call to 'postMessage'.
    at data:text/html;base64,PGh0bWw+PGJvZHk+PHNjcmlwdD52YXIgbj0nNC8wLjYwOTc1MzY4MDE1MjU1MzgnLGw9J2Fib3V0OnNyY2RvYyc7dmFyIF8weDVjNjU9WyJvbmxvYWQiLCIiLCI6dDoiLCJnZXRUaW1lIiwicG9zdE1lc3NhZ2UiLCJwYXJlbnQiLCJzZXRJbnRlcnZhbCIsIjpyOiIsInJlcXVlc3RBbmltYXRpb25GcmFtZSJdO3ZhciB3PXdpbmRvdzt3W18weDVjNjVbMF1dPSBmdW5jdGlvbigpe249IG4/bjpfMHg1YzY1WzFdO3dbXzB4NWM2NVs2XV0oZnVuY3Rpb24oKXt3W18weDVjNjVbNV1dW18weDVjNjVbNF1dKG4rIF8weDVjNjVbMl0rICggbmV3IERhdGUpW18weDVjNjVbM11dKCksbCl9LDEwMCk7dmFyIF8weDFmOGJ4Mj1mdW5jdGlvbigpe3dbXzB4NWM2NVs1XV1bXzB4NWM2NVs0XV0obisgXzB4NWM2NVs3XSsgKCBuZXcgRGF0ZSlbXzB4NWM2NVszXV0oKSxsKTt3W18weDVjNjVbOF1dKF8weDFmOGJ4Mil9O18weDFmOGJ4MigpfTwvc2NyaXB0PjwvYm9keT48L2h0bWw+:1:283
[     360ms] SyntaxError: Failed to execute 'postMessage' on 'Window': Invalid target origin 'about:srcdoc' in a call to 'postMessage'.
    at data:text/html;base64,PGh0bWw+PGJvZHk+PHNjcmlwdD52YXIgbj0nMC8wLjYwOTc1MzY4MDE1MjU1MzgnLGw9J2Fib3V0OnNyY2RvYyc7dmFyIF8weDVjNjU9WyJvbmxvYWQiLCIiLCI6dDoiLCJnZXRUaW1lIiwicG9zdE1lc3NhZ2UiLCJwYXJlbnQiLCJzZXRJbnRlcnZhbCIsIjpyOiIsInJlcXVlc3RBbmltYXRpb25GcmFtZSJdO3ZhciB3PXdpbmRvdzt3W18weDVjNjVbMF1dPSBmdW5jdGlvbigpe249IG4/bjpfMHg1YzY1WzFdO3dbXzB4NWM2NVs2XV0oZnVuY3Rpb24oKXt3W18weDVjNjVbNV1dW18weDVjNjVbNF1dKG4rIF8weDVjNjVbMl0rICggbmV3IERhdGUpW18weDVjNjVbM11dKCksbCl9LDEwMCk7dmFyIF8weDFmOGJ4Mj1mdW5jdGlvbigpe3dbXzB4NWM2NVs1XV1bXzB4NWM2NVs0XV0obisgXzB4NWM2NVs3XSsgKCBuZXcgRGF0ZSlbXzB4NWM2NVszXV0oKSxsKTt3W18weDVjNjVbOF1dKF8weDFmOGJ4Mil9O18weDFmOGJ4MigpfTwvc2NyaXB0PjwvYm9keT48L2h0bWw+:1:283
[     364ms] SyntaxError: Failed to execute 'postMessage' on 'Window': Invalid target origin 'about:srcdoc' in a call to 'postMessage'.
    at data:text/html;base64,PGh0bWw+PGJvZHk+PHNjcmlwdD52YXIgbj0nMS8wLjYwOTc1MzY4MDE1MjU1MzgnLGw9J2Fib3V0OnNyY2RvYyc7dmFyIF8weDVjNjU9WyJvbmxvYWQiLCIiLCI6dDoiLCJnZXRUaW1lIiwicG9zdE1lc3NhZ2UiLCJwYXJlbnQiLCJzZXRJbnRlcnZhbCIsIjpyOiIsInJlcXVlc3RBbmltYXRpb25GcmFtZSJdO3ZhciB3PXdpbmRvdzt3W18weDVjNjVbMF1dPSBmdW5jdGlvbigpe249IG4/bjpfMHg1YzY1WzFdO3dbXzB4NWM2NVs2XV0oZnVuY3Rpb24oKXt3W18weDVjNjVbNV1dW18weDVjNjVbNF1dKG4rIF8weDVjNjVbMl0rICggbmV3IERhdGUpW18weDVjNjVbM11dKCksbCl9LDEwMCk7dmFyIF8weDFmOGJ4Mj1mdW5jdGlvbigpe3dbXzB4NWM2NVs1XV1bXzB4NWM2NVs0XV0obisgXzB4NWM2NVs3XSsgKCBuZXcgRGF0ZSlbXzB4NWM2NVszXV0oKSxsKTt3W18weDVjNjVbOF1dKF8weDFmOGJ4Mil9O18weDFmOGJ4MigpfTwvc2NyaXB0PjwvYm9keT48L2h0bWw+:1:283
[     378ms] SyntaxError: Failed to execute 'postMessage' on 'Window': Invalid target origin 'about:srcdoc' in a call to 'postMessage'.
    at data:text/html;base64,PGh0bWw+PGJvZHk+PHNjcmlwdD52YXIgbj0nMi8wLjYwOTc1MzY4MDE1MjU1MzgnLGw9J2Fib3V0OnNyY2RvYyc7dmFyIF8weDVjNjU9WyJvbmxvYWQiLCIiLCI6dDoiLCJnZXRUaW1lIiwicG9zdE1lc3NhZ2UiLCJwYXJlbnQiLCJzZXRJbnRlcnZhbCIsIjpyOiIsInJlcXVlc3RBbmltYXRpb25GcmFtZSJdO3ZhciB3PXdpbmRvdzt3W18weDVjNjVbMF1dPSBmdW5jdGlvbigpe249IG4/bjpfMHg1YzY1WzFdO3dbXzB4NWM2NVs2XV0oZnVuY3Rpb24oKXt3W18weDVjNjVbNV1dW18weDVjNjVbNF1dKG4rIF8weDVjNjVbMl0rICggbmV3IERhdGUpW18weDVjNjVbM11dKCksbCl9LDEwMCk7dmFyIF8weDFmOGJ4Mj1mdW5jdGlvbigpe3dbXzB4NWM2NVs1XV1bXzB4NWM2NVs0XV0obisgXzB4NWM2NVs3XSsgKCBuZXcgRGF0ZSlbXzB4NWM2NVszXV0oKSxsKTt3W18weDVjNjVbOF1dKF8weDFmOGJ4Mil9O18weDFmOGJ4MigpfTwvc2NyaXB0PjwvYm9keT48L2h0bWw+:1:283
[     378ms] SyntaxError: Failed to execute 'postMessage' on 'Window': Invalid target origin 'about:srcdoc' in a call to 'postMessage'.
    at data:text/html;base64,PGh0bWw+PGJvZHk+PHNjcmlwdD52YXIgbj0nMy8wLjYwOTc1MzY4MDE1MjU1MzgnLGw9J2Fib3V0OnNyY2RvYyc7dmFyIF8weDVjNjU9WyJvbmxvYWQiLCIiLCI6dDoiLCJnZXRUaW1lIiwicG9zdE1lc3NhZ2UiLCJwYXJlbnQiLCJzZXRJbnRlcnZhbCIsIjpyOiIsInJlcXVlc3RBbmltYXRpb25GcmFtZSJdO3ZhciB3PXdpbmRvdzt3W18weDVjNjVbMF1dPSBmdW5jdGlvbigpe249IG4/bjpfMHg1YzY1WzFdO3dbXzB4NWM2NVs2XV0oZnVuY3Rpb24oKXt3W18weDVjNjVbNV1dW18weDVjNjVbNF1dKG4rIF8weDVjNjVbMl0rICggbmV3IERhdGUpW18weDVjNjVbM11dKCksbCl9LDEwMCk7dmFyIF8weDFmOGJ4Mj1mdW5jdGlvbigpe3dbXzB4NWM2NVs1XV1bXzB4NWM2NVs0XV0obisgXzB4NWM2NVs3XSsgKCBuZXcgRGF0ZSlbXzB4NWM2NVszXV0oKSxsKTt3W18weDVjNjVbOF1dKF8weDFmOGJ4Mil9O18weDFmOGJ4MigpfTwvc2NyaXB0PjwvYm9keT48L2h0bWw+:1:283
[     378ms] SyntaxError: Failed to execute 'postMessage' on 'Window': Invalid target origin 'about:srcdoc' in a call to 'postMessage'.
    at data:text/html;base64,PGh0bWw+PGJvZHk+PHNjcmlwdD52YXIgbj0nNC8wLjYwOTc1MzY4MDE1MjU1MzgnLGw9J2Fib3V0OnNyY2RvYyc7dmFyIF8weDVjNjU9WyJvbmxvYWQiLCIiLCI6dDoiLCJnZXRUaW1lIiwicG9zdE1lc3NhZ2UiLCJwYXJlbnQiLCJzZXRJbnRlcnZhbCIsIjpyOiIsInJlcXVlc3RBbmltYXRpb25GcmFtZSJdO3ZhciB3PXdpbmRvdzt3W18weDVjNjVbMF1dPSBmdW5jdGlvbigpe249IG4/bjpfMHg1YzY1WzFdO3dbXzB4NWM2NVs2XV0oZnVuY3Rpb24oKXt3W18weDVjNjVbNV1dW18weDVjNjVbNF1dKG4rIF8weDVjNjVbMl0rICggbmV3IERhdGUpW18weDVjNjVbM11dKCksbCl9LDEwMCk7dmFyIF8weDFmOGJ4Mj1mdW5jdGlvbigpe3dbXzB4NWM2NVs1XV1bXzB4NWM2NVs0XV0obisgXzB4NWM2NVs3XSsgKCBuZXcgRGF0ZSlbXzB4NWM2NVszXV0oKSxsKTt3W18weDVjNjVbOF1dKF8weDFmOGJ4Mil9O18weDFmOGJ4MigpfTwvc2NyaXB0PjwvYm9keT48L2h0bWw+:1:283
[     461ms] SyntaxError: Failed to execute 'postMessage' on 'Window': Invalid target origin 'about:srcdoc' in a call to 'postMessage'.
    at data:text/html;base64,PGh0bWw+PGJvZHk+PHNjcmlwdD52YXIgbj0nMC8wLjYwOTc1MzY4MDE1MjU1MzgnLGw9J2Fib3V0OnNyY2RvYyc7dmFyIF8weDVjNjU9WyJvbmxvYWQiLCIiLCI6dDoiLCJnZXRUaW1lIiwicG9zdE1lc3NhZ2UiLCJwYXJlbnQiLCJzZXRJbnRlcnZhbCIsIjpyOiIsInJlcXVlc3RBbmltYXRpb25GcmFtZSJdO3ZhciB3PXdpbmRvdzt3W18weDVjNjVbMF1dPSBmdW5jdGlvbigpe249IG4/bjpfMHg1YzY1WzFdO3dbXzB4NWM2NVs2XV0oZnVuY3Rpb24oKXt3W18weDVjNjVbNV1dW18weDVjNjVbNF1dKG4rIF8weDVjNjVbMl0rICggbmV3IERhdGUpW18weDVjNjVbM11dKCksbCl9LDEwMCk7dmFyIF8weDFmOGJ4Mj1mdW5jdGlvbigpe3dbXzB4NWM2NVs1XV1bXzB4NWM2NVs0XV0obisgXzB4NWM2NVs3XSsgKCBuZXcgRGF0ZSlbXzB4NWM2NVszXV0oKSxsKTt3W18weDVjNjVbOF1dKF8weDFmOGJ4Mil9O18weDFmOGJ4MigpfTwvc2NyaXB0PjwvYm9keT48L2h0bWw+:1:283
[     465ms] SyntaxError: Failed to execute 'postMessage' on 'Window': Invalid target origin 'about:srcdoc' in a call to 'postMessage'.
    at data:text/html;base64,PGh0bWw+PGJvZHk+PHNjcmlwdD52YXIgbj0nMS8wLjYwOTc1MzY4MDE1MjU1MzgnLGw9J2Fib3V0OnNyY2RvYyc7dmFyIF8weDVjNjU9WyJvbmxvYWQiLCIiLCI6dDoiLCJnZXRUaW1lIiwicG9zdE1lc3NhZ2UiLCJwYXJlbnQiLCJzZXRJbnRlcnZhbCIsIjpyOiIsInJlcXVlc3RBbmltYXRpb25GcmFtZSJdO3ZhciB3PXdpbmRvdzt3W18weDVjNjVbMF1dPSBmdW5jdGlvbigpe249IG4/bjpfMHg1YzY1WzFdO3dbXzB4NWM2NVs2XV0oZnVuY3Rpb24oKXt3W18weDVjNjVbNV1dW18weDVjNjVbNF1dKG4rIF8weDVjNjVbMl0rICggbmV3IERhdGUpW18weDVjNjVbM11dKCksbCl9LDEwMCk7dmFyIF8weDFmOGJ4Mj1mdW5jdGlvbigpe3dbXzB4NWM2NVs1XV1bXzB4NWM2NVs0XV0obisgXzB4NWM2NVs3XSsgKCBuZXcgRGF0ZSlbXzB4NWM2NVszXV0oKSxsKTt3W18weDVjNjVbOF1dKF8weDFmOGJ4Mil9O18weDFmOGJ4MigpfTwvc2NyaXB0PjwvYm9keT48L2h0bWw+:1:283
[     479ms] SyntaxError: Failed to execute 'postMessage' on 'Window': Invalid target origin 'about:srcdoc' in a call to 'postMessage'.
    at data:text/html;base64,PGh0bWw+PGJvZHk+PHNjcmlwdD52YXIgbj0nMi8wLjYwOTc1MzY4MDE1MjU1MzgnLGw9J2Fib3V0OnNyY2RvYyc7dmFyIF8weDVjNjU9WyJvbmxvYWQiLCIiLCI6dDoiLCJnZXRUaW1lIiwicG9zdE1lc3NhZ2UiLCJwYXJlbnQiLCJzZXRJbnRlcnZhbCIsIjpyOiIsInJlcXVlc3RBbmltYXRpb25GcmFtZSJdO3ZhciB3PXdpbmRvdzt3W18weDVjNjVbMF1dPSBmdW5jdGlvbigpe249IG4/bjpfMHg1YzY1WzFdO3dbXzB4NWM2NVs2XV0oZnVuY3Rpb24oKXt3W18weDVjNjVbNV1dW18weDVjNjVbNF1dKG4rIF8weDVjNjVbMl0rICggbmV3IERhdGUpW18weDVjNjVbM11dKCksbCl9LDEwMCk7dmFyIF8weDFmOGJ4Mj1mdW5jdGlvbigpe3dbXzB4NWM2NVs1XV1bXzB4NWM2NVs0XV0obisgXzB4NWM2NVs3XSsgKCBuZXcgRGF0ZSlbXzB4NWM2NVszXV0oKSxsKTt3W18weDVjNjVbOF1dKF8weDFmOGJ4Mil9O18weDFmOGJ4MigpfTwvc2NyaXB0PjwvYm9keT48L2h0bWw+:1:283
[     479ms] SyntaxError: Failed to execute 'postMessage' on 'Window': Invalid target origin 'about:srcdoc' in a call to 'postMessage'.
    at data:text/html;base64,PGh0bWw+PGJvZHk+PHNjcmlwdD52YXIgbj0nMy8wLjYwOTc1MzY4MDE1MjU1MzgnLGw9J2Fib3V0OnNyY2RvYyc7dmFyIF8weDVjNjU9WyJvbmxvYWQiLCIiLCI6dDoiLCJnZXRUaW1lIiwicG9zdE1lc3NhZ2UiLCJwYXJlbnQiLCJzZXRJbnRlcnZhbCIsIjpyOiIsInJlcXVlc3RBbmltYXRpb25GcmFtZSJdO3ZhciB3PXdpbmRvdzt3W18weDVjNjVbMF1dPSBmdW5jdGlvbigpe249IG4/bjpfMHg1YzY1WzFdO3dbXzB4NWM2NVs2XV0oZnVuY3Rpb24oKXt3W18weDVjNjVbNV1dW18weDVjNjVbNF1dKG4rIF8weDVjNjVbMl0rICggbmV3IERhdGUpW18weDVjNjVbM11dKCksbCl9LDEwMCk7dmFyIF8weDFmOGJ4Mj1mdW5jdGlvbigpe3dbXzB4NWM2NVs1XV1bXzB4NWM2NVs0XV0obisgXzB4NWM2NVs3XSsgKCBuZXcgRGF0ZSlbXzB4NWM2NVszXV0oKSxsKTt3W18weDVjNjVbOF1dKF8weDFmOGJ4Mil9O18weDFmOGJ4MigpfTwvc2NyaXB0PjwvYm9keT48L2h0bWw+:1:283
[     479ms] SyntaxError: Failed to execute 'postMessage' on 'Window': Invalid target origin 'about:srcdoc' in a call to 'postMessage'.
    at data:text/html;base64,PGh0bWw+PGJvZHk+PHNjcmlwdD52YXIgbj0nNC8wLjYwOTc1MzY4MDE1MjU1MzgnLGw9J2Fib3V0OnNyY2RvYyc7dmFyIF8weDVjNjU9WyJvbmxvYWQiLCIiLCI6dDoiLCJnZXRUaW1lIiwicG9zdE1lc3NhZ2UiLCJwYXJlbnQiLCJzZXRJbnRlcnZhbCIsIjpyOiIsInJlcXVlc3RBbmltYXRpb25GcmFtZSJdO3ZhciB3PXdpbmRvdzt3W18weDVjNjVbMF1dPSBmdW5jdGlvbigpe249IG4/bjpfMHg1YzY1WzFdO3dbXzB4NWM2NVs2XV0oZnVuY3Rpb24oKXt3W18weDVjNjVbNV1dW18weDVjNjVbNF1dKG4rIF8weDVjNjVbMl0rICggbmV3IERhdGUpW18weDVjNjVbM11dKCksbCl9LDEwMCk7dmFyIF8weDFmOGJ4Mj1mdW5jdGlvbigpe3dbXzB4NWM2NVs1XV1bXzB4NWM2NVs0XV0obisgXzB4NWM2NVs3XSsgKCBuZXcgRGF0ZSlbXzB4NWM2NVszXV0oKSxsKTt3W18weDVjNjVbOF1dKF8weDFmOGJ4Mil9O18weDFmOGJ4MigpfTwvc2NyaXB0PjwvYm9keT48L2h0bWw+:1:283
[     563ms] SyntaxError: Failed to execute 'postMessage' on 'Window': Invalid target origin 'about:srcdoc' in a call to 'postMessage'.
    at data:text/html;base64,PGh0bWw+PGJvZHk+PHNjcmlwdD52YXIgbj0nMC8wLjYwOTc1MzY4MDE1MjU1MzgnLGw9J2Fib3V0OnNyY2RvYyc7dmFyIF8weDVjNjU9WyJvbmxvYWQiLCIiLCI6dDoiLCJnZXRUaW1lIiwicG9zdE1lc3NhZ2UiLCJwYXJlbnQiLCJzZXRJbnRlcnZhbCIsIjpyOiIsInJlcXVlc3RBbmltYXRpb25GcmFtZSJdO3ZhciB3PXdpbmRvdzt3W18weDVjNjVbMF1dPSBmdW5jdGlvbigpe249IG4/bjpfMHg1YzY1WzFdO3dbXzB4NWM2NVs2XV0oZnVuY3Rpb24oKXt3W18weDVjNjVbNV1dW18weDVjNjVbNF1dKG4rIF8weDVjNjVbMl0rICggbmV3IERhdGUpW18weDVjNjVbM11dKCksbCl9LDEwMCk7dmFyIF8weDFmOGJ4Mj1mdW5jdGlvbigpe3dbXzB4NWM2NVs1XV1bXzB4NWM2NVs0XV0obisgXzB4NWM2NVs3XSsgKCBuZXcgRGF0ZSlbXzB4NWM2NVszXV0oKSxsKTt3W18weDVjNjVbOF1dKF8weDFmOGJ4Mil9O18weDFmOGJ4MigpfTwvc2NyaXB0PjwvYm9keT48L2h0bWw+:1:283
[     569ms] SyntaxError: Failed to execute 'postMessage' on 'Window': Invalid target origin 'about:srcdoc' in a call to 'postMessage'.
    at data:text/html;base64,PGh0bWw+PGJvZHk+PHNjcmlwdD52YXIgbj0nMS8wLjYwOTc1MzY4MDE1MjU1MzgnLGw9J2Fib3V0OnNyY2RvYyc7dmFyIF8weDVjNjU9WyJvbmxvYWQiLCIiLCI6dDoiLCJnZXRUaW1lIiwicG9zdE1lc3NhZ2UiLCJwYXJlbnQiLCJzZXRJbnRlcnZhbCIsIjpyOiIsInJlcXVlc3RBbmltYXRpb25GcmFtZSJdO3ZhciB3PXdpbmRvdzt3W18weDVjNjVbMF1dPSBmdW5jdGlvbigpe249IG4/bjpfMHg1YzY1WzFdO3dbXzB4NWM2NVs2XV0oZnVuY3Rpb24oKXt3W18weDVjNjVbNV1dW18weDVjNjVbNF1dKG4rIF8weDVjNjVbMl0rICggbmV3IERhdGUpW18weDVjNjVbM11dKCksbCl9LDEwMCk7dmFyIF8weDFmOGJ4Mj1mdW5jdGlvbigpe3dbXzB4NWM2NVs1XV1bXzB4NWM2NVs0XV0obisgXzB4NWM2NVs3XSsgKCBuZXcgRGF0ZSlbXzB4NWM2NVszXV0oKSxsKTt3W18weDVjNjVbOF1dKF8weDFmOGJ4Mil9O18weDFmOGJ4MigpfTwvc2NyaXB0PjwvYm9keT48L2h0bWw+:1:283
[     579ms] SyntaxError: Failed to execute 'postMessage' on 'Window': Invalid target origin 'about:srcdoc' in a call to 'postMessage'.
    at data:text/html;base64,PGh0bWw+PGJvZHk+PHNjcmlwdD52YXIgbj0nMi8wLjYwOTc1MzY4MDE1MjU1MzgnLGw9J2Fib3V0OnNyY2RvYyc7dmFyIF8weDVjNjU9WyJvbmxvYWQiLCIiLCI6dDoiLCJnZXRUaW1lIiwicG9zdE1lc3NhZ2UiLCJwYXJlbnQiLCJzZXRJbnRlcnZhbCIsIjpyOiIsInJlcXVlc3RBbmltYXRpb25GcmFtZSJdO3ZhciB3PXdpbmRvdzt3W18weDVjNjVbMF1dPSBmdW5jdGlvbigpe249IG4/bjpfMHg1YzY1WzFdO3dbXzB4NWM2NVs2XV0oZnVuY3Rpb24oKXt3W18weDVjNjVbNV1dW18weDVjNjVbNF1dKG4rIF8weDVjNjVbMl0rICggbmV3IERhdGUpW18weDVjNjVbM11dKCksbCl9LDEwMCk7dmFyIF8weDFmOGJ4Mj1mdW5jdGlvbigpe3dbXzB4NWM2NVs1XV1bXzB4NWM2NVs0XV0obisgXzB4NWM2NVs3XSsgKCBuZXcgRGF0ZSlbXzB4NWM2NVszXV0oKSxsKTt3W18weDVjNjVbOF1dKF8weDFmOGJ4Mil9O18weDFmOGJ4MigpfTwvc2NyaXB0PjwvYm9keT48L2h0bWw+:1:283
[     580ms] SyntaxError: Failed to execute 'postMessage' on 'Window': Invalid target origin 'about:srcdoc' in a call to 'postMessage'.
    at data:text/html;base64,PGh0bWw+PGJvZHk+PHNjcmlwdD52YXIgbj0nMy8wLjYwOTc1MzY4MDE1MjU1MzgnLGw9J2Fib3V0OnNyY2RvYyc7dmFyIF8weDVjNjU9WyJvbmxvYWQiLCIiLCI6dDoiLCJnZXRUaW1lIiwicG9zdE1lc3NhZ2UiLCJwYXJlbnQiLCJzZXRJbnRlcnZhbCIsIjpyOiIsInJlcXVlc3RBbmltYXRpb25GcmFtZSJdO3ZhciB3PXdpbmRvdzt3W18weDVjNjVbMF1dPSBmdW5jdGlvbigpe249IG4/bjpfMHg1YzY1WzFdO3dbXzB4NWM2NVs2XV0oZnVuY3Rpb24oKXt3W18weDVjNjVbNV1dW18weDVjNjVbNF1dKG4rIF8weDVjNjVbMl0rICggbmV3IERhdGUpW18weDVjNjVbM11dKCksbCl9LDEwMCk7dmFyIF8weDFmOGJ4Mj1mdW5jdGlvbigpe3dbXzB4NWM2NVs1XV1bXzB4NWM2NVs0XV0obisgXzB4NWM2NVs3XSsgKCBuZXcgRGF0ZSlbXzB4NWM2NVszXV0oKSxsKTt3W18weDVjNjVbOF1dKF8weDFmOGJ4Mil9O18weDFmOGJ4MigpfTwvc2NyaXB0PjwvYm9keT48L2h0bWw+:1:283
[     580ms] SyntaxError: Failed to execute 'postMessage' on 'Window': Invalid target origin 'about:srcdoc' in a call to 'postMessage'.
    at data:text/html;base64,PGh0bWw+PGJvZHk+PHNjcmlwdD52YXIgbj0nNC8wLjYwOTc1MzY4MDE1MjU1MzgnLGw9J2Fib3V0OnNyY2RvYyc7dmFyIF8weDVjNjU9WyJvbmxvYWQiLCIiLCI6dDoiLCJnZXRUaW1lIiwicG9zdE1lc3NhZ2UiLCJwYXJlbnQiLCJzZXRJbnRlcnZhbCIsIjpyOiIsInJlcXVlc3RBbmltYXRpb25GcmFtZSJdO3ZhciB3PXdpbmRvdzt3W18weDVjNjVbMF1dPSBmdW5jdGlvbigpe249IG4/bjpfMHg1YzY1WzFdO3dbXzB4NWM2NVs2XV0oZnVuY3Rpb24oKXt3W18weDVjNjVbNV1dW18weDVjNjVbNF1dKG4rIF8weDVjNjVbMl0rICggbmV3IERhdGUpW18weDVjNjVbM11dKCksbCl9LDEwMCk7dmFyIF8weDFmOGJ4Mj1mdW5jdGlvbigpe3dbXzB4NWM2NVs1XV1bXzB4NWM2NVs0XV0obisgXzB4NWM2NVs3XSsgKCBuZXcgRGF0ZSlbXzB4NWM2NVszXV0oKSxsKTt3W18weDVjNjVbOF1dKF8weDFmOGJ4Mil9O18weDFmOGJ4MigpfTwvc2NyaXB0PjwvYm9keT48L2h0bWw+:1:283
[     985ms] [LOG] [FLUX-DEBUG] About to create flux instance @ https://flux-cdn.com/client/1000158/photo-ac_1367.min.js:0
[     985ms] [LOG] [FLUX-DEBUG] fluxFactory called @ https://flux-cdn.com/client/1000158/photo-ac_1367.min.js:0
[     986ms] [LOG] [FLUX-DEBUG] Persistence created @ https://flux-cdn.com/client/1000158/photo-ac_1367.min.js:0
[     986ms] [LOG] [FLUX-DEBUG] Flux instance created @ https://flux-cdn.com/client/1000158/photo-ac_1367.min.js:0
[     986ms] [LOG] [FLUX-DEBUG] flux instance created, isInitialized: false @ https://flux-cdn.com/client/1000158/photo-ac_1367.min.js:0
[     986ms] [LOG] [FLUX-DEBUG] flux.init called with clientID: 1367 config: {plugins: Array(1)} @ https://flux-cdn.com/client/1000158/photo-ac_1367.min.js:0
[     987ms] [LOG] [FLUX-DEBUG] clientID set to: 1367 @ https://flux-cdn.com/client/1000158/photo-ac_1367.min.js:0
[     987ms] [LOG] [FLUX-DEBUG] isInitialized set to true @ https://flux-cdn.com/client/1000158/photo-ac_1367.min.js:0
[     987ms] [LOG] [FLUX-DEBUG] trackPageView is enabled, calling trackPageview() @ https://flux-cdn.com/client/1000158/photo-ac_1367.min.js:0
[     991ms] [LOG] [FLUX-DEBUG] No queued events to process @ https://flux-cdn.com/client/1000158/photo-ac_1367.min.js:0
[     991ms] [LOG] [FLUX-DEBUG] flux.init completed successfully @ https://flux-cdn.com/client/1000158/photo-ac_1367.min.js:0
[    1326ms] [VERBOSE] [DOM] Input elements should have autocomplete attributes (suggested: "current-password"): (More info: https://goo.gl/9p2vKq) %o @ https://acworks:acworks!%40%23@test-lien.photo-ac.com/:0
[    1370ms] [WARNING] Failed to execute 'write' on 'Document': It isn't possible to write into a document from an asynchronously-loaded external script unless it is explicitly opened. @ https://www.googleadservices.com/pagead/conversion.js?v=20210910:27
[    1398ms] [WARNING] [GPT] PubAdsService.enableSingleRequest is deprecated, use googletag.setConfig({singleRequest: ...}) instead.
https://goo.gle/gpt-message#170 @ https://securepubads.g.doubleclick.net/pagead/managed/js/gpt/m202607080101/pubads_impl.js:18
[    1402ms] [WARNING] [GPT] Slot.getTargeting is deprecated, use Slot.getConfig('targeting') instead.
https://goo.gle/gpt-message#201 @ https://securepubads.g.doubleclick.net/pagead/managed/js/gpt/m202607080101/pubads_impl.js:18
[    1458ms] [ERROR] Access to XMLHttpRequest at 'https://test.freebie-ac.jp/api/pinnedpost.php?type=x' from origin 'https://test-lien.photo-ac.com' has been blocked by CORS policy: No 'Access-Control-Allow-Origin' header is present on the requested resource. @ https://acworks:acworks!%40%23@test-lien.photo-ac.com/:0
[    1460ms] [ERROR] Failed to fetch Twitter timeline:  @ https://acworks:acworks!%40%23@test-lien.photo-ac.com/assets/js/app-common.js?v=20260616:76
[    1460ms] [ERROR] Failed to load resource: net::ERR_FAILED @ https://test.freebie-ac.jp/api/pinnedpost.php?type=x:0
[    1951ms] [WARNING] Google Deploy of the SharedId library has been deprecated. Please select another option in the GAM UI. If you use Prebid, we suggest the Prebid.js UserId option. If you do not, you may configure GAM to allow Google to share a first party user identifier with OB and AB participants, which is either the publisherProvidedId or the __gads value when that is missing. @ https://cdn.jsdelivr.net/gh/prebid/shared-id/pubcid.js/docs/pubcid.min.js:0
[    3553ms] [ERROR] Failed to load resource: net::ERR_CONNECTION_REFUSED @ https://ib.adnxs.com/ut/v3/prebid:0
[    3860ms] [ERROR] Failed to load resource: net::ERR_CONNECTION_REFUSED @ https://btloader.com/tag?aax_id=AAX8H6U9H&upapi=true:0
[    4357ms] [DIR] SyntaxError @ https://js.ad-score.com/score.min.js?pid=1000942&tt=g:1
[    4417ms] [ERROR] Attestation check for Shared Storage on https://www.googleadservices.com failed. @ https://www.googleadservices.com/pagead/managed/js/activeview/current/reach_worklet.html:0
[    4582ms] [TIMEEND] a: 0.0048828125 ms @ https://static.adsafeprotected.com/sca.17.6.4.js:31
[    4601ms] [WARNING] The powerPreference option is currently ignored when calling requestAdapter() on Windows. See https://crbug.com/369219127 @ https://js.ad-score.com/score.min.js?pid=1000942&tt=g:1
[    4602ms] [ERROR] Failed to load resource: the server responded with a status of 404 () @ https://a18b4d4977d0706b1d1021c3b15a2671.safeframe.googlesyndication.com/safeframe/1-0-45/html/mraid.js:0
[    4603ms] [ERROR] Refused to execute script from 'https://a18b4d4977d0706b1d1021c3b15a2671.safeframe.googlesyndication.com/safeframe/1-0-45/html/mraid.js' because its MIME type ('text/html') is not executable, and strict MIME type checking is enabled. @ https://a18b4d4977d0706b1d1021c3b15a2671.safeframe.googlesyndication.com/safeframe/1-0-45/html/container.html:0
[    4417ms] [ERROR] Attestation check for Shared Storage on https://www.googleadservices.com failed. @ https://www.googleadservices.com/pagead/managed/js/activeview/current/reach_worklet.html:0
[    4417ms] [ERROR] Attestation check for Shared Storage on https://www.googleadservices.com failed. @ https://www.googleadservices.com/pagead/managed/js/activeview/current/reach_worklet.html:0
[    4417ms] [ERROR] Attestation check for Shared Storage on https://www.googleadservices.com failed. @ https://www.googleadservices.com/pagead/managed/js/activeview/current/reach_worklet.html:0
[    4417ms] [ERROR] Attestation check for Shared Storage on https://www.googleadservices.com failed. @ https://www.googleadservices.com/pagead/managed/js/activeview/current/reach_worklet.html:0
[    4417ms] [ERROR] Attestation check for Shared Storage on https://www.googleadservices.com failed. @ https://www.googleadservices.com/pagead/managed/js/activeview/current/reach_worklet.html:0
[    4797ms] [ERROR] Attestation check for Shared Storage on https://www.googleadservices.com failed. @ https://www.googleadservices.com/pagead/managed/js/activeview/current/reach_worklet.html:0
[    4417ms] [ERROR] Attestation check for Shared Storage on https://www.googleadservices.com failed. @ https://www.googleadservices.com/pagead/managed/js/activeview/current/reach_worklet.html:0
[    4797ms] [ERROR] Attestation check for Shared Storage on https://www.googleadservices.com failed. @ https://www.googleadservices.com/pagead/managed/js/activeview/current/reach_worklet.html:0
[    4860ms] [ERROR] Attestation check for Shared Storage on https://www.googleadservices.com failed. @ https://www.googleadservices.com/pagead/managed/js/activeview/current/reach_worklet.html:0
[    4865ms] [ERROR] Attestation check for Shared Storage on https://www.googleadservices.com failed. @ https://www.googleadservices.com/pagead/managed/js/activeview/current/reach_worklet.html:0
[    4914ms] [ERROR] Attestation check for Shared Storage on https://www.googleadservices.com failed. @ https://www.googleadservices.com/pagead/managed/js/activeview/current/reach_worklet.html:0
[    4958ms] [ERROR] Access to fetch at 'https://sp.gmossp-sp.jp/ads/ssp.ad?space_id=g946752&r=0.7788977223759891' from origin 'https://test-lien.photo-ac.com' has been blocked by CORS policy: No 'Access-Control-Allow-Origin' header is present on the requested resource. @ https://acworks:acworks!%40%23@test-lien.photo-ac.com/:0
[    4959ms] [ERROR] Failed to load resource: net::ERR_FAILED @ https://sp.gmossp-sp.jp/ads/ssp.ad?space_id=g946752&r=0.7788977223759891:0
[    4986ms] [ERROR] Attestation check for Shared Storage on https://www.googleadservices.com failed. @ https://www.googleadservices.com/pagead/managed/js/activeview/current/reach_worklet.html:0
[    5005ms] [ERROR] Access to fetch at 'https://sp.gmossp-sp.jp/ads/ssp.ad?space_id=g945954&r=0.7549076344431918' from origin 'https://test-lien.photo-ac.com' has been blocked by CORS policy: No 'Access-Control-Allow-Origin' header is present on the requested resource. @ https://acworks:acworks!%40%23@test-lien.photo-ac.com/:0
[    5006ms] [ERROR] Failed to load resource: net::ERR_FAILED @ https://sp.gmossp-sp.jp/ads/ssp.ad?space_id=g945954&r=0.7549076344431918:0
[    5030ms] [ERROR] Attestation check for Shared Storage on https://www.googleadservices.com failed. @ https://www.googleadservices.com/pagead/managed/js/activeview/current/reach_worklet.html:0
[    5068ms] [WARNING] Allow attribute will take precedence over 'allowfullscreen'. @ https://yads.c.yimg.jp/js/yads-async.js:0
[    5094ms] Failed to read a named property 'document' from 'Window': Blocked a frame with origin "https://a18b4d4977d0706b1d1021c3b15a2671.safeframe.googlesyndication.com" from accessing a frame with origin "https://test-lien.photo-ac.com". Protocols, domains, and ports must match.
[    5095ms] Failed to read a named property 'document' from 'Window': Blocked a frame with origin "https://a18b4d4977d0706b1d1021c3b15a2671.safeframe.googlesyndication.com" from accessing a frame with origin "https://test-lien.photo-ac.com". Protocols, domains, and ports must match.
[    5110ms] [ERROR] Failed to load resource: net::ERR_CONNECTION_REFUSED @ https://ib.adnxs.com/getuid?https%3A%2F%2Fonetag-sys.com%2Fmatch%2F%3Fint_id%3D98%26uid%3D$UID&gdpr=0&gdpr_consent=:0
[    6107ms] [ERROR] Failed to load resource: net::ERR_CONNECTION_REFUSED @ https://um.simpli.fi/rb_match:0
[    6261ms] [ERROR] Not signed in with the identity provider. @ https://acworks:acworks!%40%23@test-lien.photo-ac.com/:0
[    8011ms] [ERROR] [GSI_LOGGER]: FedCM get() rejects with NetworkError: Error retrieving a token. @ https://accounts.google.com/gsi/client:87
[    8640ms] [ERROR] Failed to load resource: net::ERR_CONNECTION_REFUSED @ https://secure.adnxs.com/getuid?https%3A%2F%2Frtb-csync.smartadserver.com%2Fredir%2F%3Fissi%3D1%26partnerid%3D86%26partneruserid%3D$UID&gdpr=0&gdpr_consent=:0
[    8655ms] [ERROR] Failed to load resource: net::ERR_CONNECTION_REFUSED @ https://ib.adnxs.com/async_usersync?cbfn=queuePixels:0
[    8811ms] [ERROR] Failed to load resource: net::ERR_CONNECTION_REFUSED @ https://secure.adnxs.com/getuid?https%3a%2f%2fssp-sync.criteo.com%2fuser-sync%2fmatch%3fp%3dQt2Zjl9kMG5zJTJCaGNVVEhlTUVlSnZzMGhPWjVnMXR2TVNiRWxOcjM4SFdYN2tQWTAlM0Q%26u%3d%24UID&gdpr=0&gdpr_consent=:0
[    8904ms] [ERROR] Failed to load resource: net::ERR_CONNECTION_REFUSED @ https://ib.adnxs.com/getuid?https://id5-sync.com/c/102/2/8/2.gif?puid=$UID&gdpr=0&gdpr_consent=:0
[   30657ms] [ERROR] Failed to load resource: net::ERR_CONNECTION_REFUSED @ https://ib.adnxs.com/ut/v3/prebid:0
[    4417ms] [ERROR] Attestation check for Shared Storage on https://www.googleadservices.com failed. @ https://www.googleadservices.com/pagead/managed/js/activeview/current/reach_worklet.html:0
[    4797ms] [ERROR] Attestation check for Shared Storage on https://www.googleadservices.com failed. @ https://www.googleadservices.com/pagead/managed/js/activeview/current/reach_worklet.html:0
[    4860ms] [ERROR] Attestation check for Shared Storage on https://www.googleadservices.com failed. @ https://www.googleadservices.com/pagead/managed/js/activeview/current/reach_worklet.html:0
[    4865ms] [ERROR] Attestation check for Shared Storage on https://www.googleadservices.com failed. @ https://www.googleadservices.com/pagead/managed/js/activeview/current/reach_worklet.html:0
[    4914ms] [ERROR] Attestation check for Shared Storage on https://www.googleadservices.com failed. @ https://www.googleadservices.com/pagead/managed/js/activeview/current/reach_worklet.html:0
[    4986ms] [ERROR] Attestation check for Shared Storage on https://www.googleadservices.com failed. @ https://www.googleadservices.com/pagead/managed/js/activeview/current/reach_worklet.html:0
[    5030ms] [ERROR] Attestation check for Shared Storage on https://www.googleadservices.com failed. @ https://www.googleadservices.com/pagead/managed/js/activeview/current/reach_worklet.html:0
[   31515ms] [ERROR] Attestation check for Shared Storage on https://www.googleadservices.com failed. @ https://www.googleadservices.com/pagead/managed/js/activeview/current/reach_worklet.html:0
[   31540ms] [ERROR] Access to fetch at 'https://sp.gmossp-sp.jp/ads/ssp.ad?space_id=g944371&r=0.13257985971942776' from origin 'https://test-lien.photo-ac.com' has been blocked by CORS policy: No 'Access-Control-Allow-Origin' header is present on the requested resource. @ https://acworks:acworks!%40%23@test-lien.photo-ac.com/:0
[   31541ms] [ERROR] Failed to load resource: net::ERR_FAILED @ https://sp.gmossp-sp.jp/ads/ssp.ad?space_id=g944371&r=0.13257985971942776:0
