[      19ms] SyntaxError: Failed to execute 'postMessage' on 'Window': Invalid target origin 'about:srcdoc' in a call to 'postMessage'.
    at data:text/html;base64,PGh0bWw+PGJvZHk+PHNjcmlwdD52YXIgbj0nMi8wLjAyMzk1NDkxNjI3MjUyMDExJyxsPSdhYm91dDpzcmNkb2MnO3ZhciBfMHg1YzY1PVsib25sb2FkIiwiIiwiOnQ6IiwiZ2V0VGltZSIsInBvc3RNZXNzYWdlIiwicGFyZW50Iiwic2V0SW50ZXJ2YWwiLCI6cjoiLCJyZXF1ZXN0QW5pbWF0aW9uRnJhbWUiXTt2YXIgdz13aW5kb3c7d1tfMHg1YzY1WzBdXT0gZnVuY3Rpb24oKXtuPSBuP246XzB4NWM2NVsxXTt3W18weDVjNjVbNl1dKGZ1bmN0aW9uKCl7d1tfMHg1YzY1WzVdXVtfMHg1YzY1WzRdXShuKyBfMHg1YzY1WzJdKyAoIG5ldyBEYXRlKVtfMHg1YzY1WzNdXSgpLGwpfSwxMDApO3ZhciBfMHgxZjhieDI9ZnVuY3Rpb24oKXt3W18weDVjNjVbNV1dW18weDVjNjVbNF1dKG4rIF8weDVjNjVbN10rICggbmV3IERhdGUpW18weDVjNjVbM11dKCksbCk7d1tfMHg1YzY1WzhdXShfMHgxZjhieDIpfTtfMHgxZjhieDIoKX08L3NjcmlwdD48L2JvZHk+PC9odG1sPg==:1:284
[      20ms] SyntaxError: Failed to execute 'postMessage' on 'Window': Invalid target origin 'about:srcdoc' in a call to 'postMessage'.
    at data:text/html;base64,PGh0bWw+PGJvZHk+PHNjcmlwdD52YXIgbj0nMy8wLjAyMzk1NDkxNjI3MjUyMDExJyxsPSdhYm91dDpzcmNkb2MnO3ZhciBfMHg1YzY1PVsib25sb2FkIiwiIiwiOnQ6IiwiZ2V0VGltZSIsInBvc3RNZXNzYWdlIiwicGFyZW50Iiwic2V0SW50ZXJ2YWwiLCI6cjoiLCJyZXF1ZXN0QW5pbWF0aW9uRnJhbWUiXTt2YXIgdz13aW5kb3c7d1tfMHg1YzY1WzBdXT0gZnVuY3Rpb24oKXtuPSBuP246XzB4NWM2NVsxXTt3W18weDVjNjVbNl1dKGZ1bmN0aW9uKCl7d1tfMHg1YzY1WzVdXVtfMHg1YzY1WzRdXShuKyBfMHg1YzY1WzJdKyAoIG5ldyBEYXRlKVtfMHg1YzY1WzNdXSgpLGwpfSwxMDApO3ZhciBfMHgxZjhieDI9ZnVuY3Rpb24oKXt3W18weDVjNjVbNV1dW18weDVjNjVbNF1dKG4rIF8weDVjNjVbN10rICggbmV3IERhdGUpW18weDVjNjVbM11dKCksbCk7d1tfMHg1YzY1WzhdXShfMHgxZjhieDIpfTtfMHgxZjhieDIoKX08L3NjcmlwdD48L2JvZHk+PC9odG1sPg==:1:284
[      20ms] SyntaxError: Failed to execute 'postMessage' on 'Window': Invalid target origin 'about:srcdoc' in a call to 'postMessage'.
    at data:text/html;base64,PGh0bWw+PGJvZHk+PHNjcmlwdD52YXIgbj0nNC8wLjAyMzk1NDkxNjI3MjUyMDExJyxsPSdhYm91dDpzcmNkb2MnO3ZhciBfMHg1YzY1PVsib25sb2FkIiwiIiwiOnQ6IiwiZ2V0VGltZSIsInBvc3RNZXNzYWdlIiwicGFyZW50Iiwic2V0SW50ZXJ2YWwiLCI6cjoiLCJyZXF1ZXN0QW5pbWF0aW9uRnJhbWUiXTt2YXIgdz13aW5kb3c7d1tfMHg1YzY1WzBdXT0gZnVuY3Rpb24oKXtuPSBuP246XzB4NWM2NVsxXTt3W18weDVjNjVbNl1dKGZ1bmN0aW9uKCl7d1tfMHg1YzY1WzVdXVtfMHg1YzY1WzRdXShuKyBfMHg1YzY1WzJdKyAoIG5ldyBEYXRlKVtfMHg1YzY1WzNdXSgpLGwpfSwxMDApO3ZhciBfMHgxZjhieDI9ZnVuY3Rpb24oKXt3W18weDVjNjVbNV1dW18weDVjNjVbNF1dKG4rIF8weDVjNjVbN10rICggbmV3IERhdGUpW18weDVjNjVbM11dKCksbCk7d1tfMHg1YzY1WzhdXShfMHgxZjhieDIpfTtfMHgxZjhieDIoKX08L3NjcmlwdD48L2JvZHk+PC9odG1sPg==:1:284
[      85ms] SyntaxError: Failed to execute 'postMessage' on 'Window': Invalid target origin 'about:srcdoc' in a call to 'postMessage'.
    at data:text/html;base64,PGh0bWw+PGJvZHk+PHNjcmlwdD52YXIgbj0nMC8wLjAyMzk1NDkxNjI3MjUyMDExJyxsPSdhYm91dDpzcmNkb2MnO3ZhciBfMHg1YzY1PVsib25sb2FkIiwiIiwiOnQ6IiwiZ2V0VGltZSIsInBvc3RNZXNzYWdlIiwicGFyZW50Iiwic2V0SW50ZXJ2YWwiLCI6cjoiLCJyZXF1ZXN0QW5pbWF0aW9uRnJhbWUiXTt2YXIgdz13aW5kb3c7d1tfMHg1YzY1WzBdXT0gZnVuY3Rpb24oKXtuPSBuP246XzB4NWM2NVsxXTt3W18weDVjNjVbNl1dKGZ1bmN0aW9uKCl7d1tfMHg1YzY1WzVdXVtfMHg1YzY1WzRdXShuKyBfMHg1YzY1WzJdKyAoIG5ldyBEYXRlKVtfMHg1YzY1WzNdXSgpLGwpfSwxMDApO3ZhciBfMHgxZjhieDI9ZnVuY3Rpb24oKXt3W18weDVjNjVbNV1dW18weDVjNjVbNF1dKG4rIF8weDVjNjVbN10rICggbmV3IERhdGUpW18weDVjNjVbM11dKCksbCk7d1tfMHg1YzY1WzhdXShfMHgxZjhieDIpfTtfMHgxZjhieDIoKX08L3NjcmlwdD48L2JvZHk+PC9odG1sPg==:1:284
[     109ms] SyntaxError: Failed to execute 'postMessage' on 'Window': Invalid target origin 'about:srcdoc' in a call to 'postMessage'.
    at data:text/html;base64,PGh0bWw+PGJvZHk+PHNjcmlwdD52YXIgbj0nMS8wLjAyMzk1NDkxNjI3MjUyMDExJyxsPSdhYm91dDpzcmNkb2MnO3ZhciBfMHg1YzY1PVsib25sb2FkIiwiIiwiOnQ6IiwiZ2V0VGltZSIsInBvc3RNZXNzYWdlIiwicGFyZW50Iiwic2V0SW50ZXJ2YWwiLCI6cjoiLCJyZXF1ZXN0QW5pbWF0aW9uRnJhbWUiXTt2YXIgdz13aW5kb3c7d1tfMHg1YzY1WzBdXT0gZnVuY3Rpb24oKXtuPSBuP246XzB4NWM2NVsxXTt3W18weDVjNjVbNl1dKGZ1bmN0aW9uKCl7d1tfMHg1YzY1WzVdXVtfMHg1YzY1WzRdXShuKyBfMHg1YzY1WzJdKyAoIG5ldyBEYXRlKVtfMHg1YzY1WzNdXSgpLGwpfSwxMDApO3ZhciBfMHgxZjhieDI9ZnVuY3Rpb24oKXt3W18weDVjNjVbNV1dW18weDVjNjVbNF1dKG4rIF8weDVjNjVbN10rICggbmV3IERhdGUpW18weDVjNjVbM11dKCksbCk7d1tfMHg1YzY1WzhdXShfMHgxZjhieDIpfTtfMHgxZjhieDIoKX08L3NjcmlwdD48L2JvZHk+PC9odG1sPg==:1:284
[     110ms] SyntaxError: Failed to execute 'postMessage' on 'Window': Invalid target origin 'about:srcdoc' in a call to 'postMessage'.
    at data:text/html;base64,PGh0bWw+PGJvZHk+PHNjcmlwdD52YXIgbj0nMi8wLjAyMzk1NDkxNjI3MjUyMDExJyxsPSdhYm91dDpzcmNkb2MnO3ZhciBfMHg1YzY1PVsib25sb2FkIiwiIiwiOnQ6IiwiZ2V0VGltZSIsInBvc3RNZXNzYWdlIiwicGFyZW50Iiwic2V0SW50ZXJ2YWwiLCI6cjoiLCJyZXF1ZXN0QW5pbWF0aW9uRnJhbWUiXTt2YXIgdz13aW5kb3c7d1tfMHg1YzY1WzBdXT0gZnVuY3Rpb24oKXtuPSBuP246XzB4NWM2NVsxXTt3W18weDVjNjVbNl1dKGZ1bmN0aW9uKCl7d1tfMHg1YzY1WzVdXVtfMHg1YzY1WzRdXShuKyBfMHg1YzY1WzJdKyAoIG5ldyBEYXRlKVtfMHg1YzY1WzNdXSgpLGwpfSwxMDApO3ZhciBfMHgxZjhieDI9ZnVuY3Rpb24oKXt3W18weDVjNjVbNV1dW18weDVjNjVbNF1dKG4rIF8weDVjNjVbN10rICggbmV3IERhdGUpW18weDVjNjVbM11dKCksbCk7d1tfMHg1YzY1WzhdXShfMHgxZjhieDIpfTtfMHgxZjhieDIoKX08L3NjcmlwdD48L2JvZHk+PC9odG1sPg==:1:284
[     110ms] SyntaxError: Failed to execute 'postMessage' on 'Window': Invalid target origin 'about:srcdoc' in a call to 'postMessage'.
    at data:text/html;base64,PGh0bWw+PGJvZHk+PHNjcmlwdD52YXIgbj0nMy8wLjAyMzk1NDkxNjI3MjUyMDExJyxsPSdhYm91dDpzcmNkb2MnO3ZhciBfMHg1YzY1PVsib25sb2FkIiwiIiwiOnQ6IiwiZ2V0VGltZSIsInBvc3RNZXNzYWdlIiwicGFyZW50Iiwic2V0SW50ZXJ2YWwiLCI6cjoiLCJyZXF1ZXN0QW5pbWF0aW9uRnJhbWUiXTt2YXIgdz13aW5kb3c7d1tfMHg1YzY1WzBdXT0gZnVuY3Rpb24oKXtuPSBuP246XzB4NWM2NVsxXTt3W18weDVjNjVbNl1dKGZ1bmN0aW9uKCl7d1tfMHg1YzY1WzVdXVtfMHg1YzY1WzRdXShuKyBfMHg1YzY1WzJdKyAoIG5ldyBEYXRlKVtfMHg1YzY1WzNdXSgpLGwpfSwxMDApO3ZhciBfMHgxZjhieDI9ZnVuY3Rpb24oKXt3W18weDVjNjVbNV1dW18weDVjNjVbNF1dKG4rIF8weDVjNjVbN10rICggbmV3IERhdGUpW18weDVjNjVbM11dKCksbCk7d1tfMHg1YzY1WzhdXShfMHgxZjhieDIpfTtfMHgxZjhieDIoKX08L3NjcmlwdD48L2JvZHk+PC9odG1sPg==:1:284
[     111ms] SyntaxError: Failed to execute 'postMessage' on 'Window': Invalid target origin 'about:srcdoc' in a call to 'postMessage'.
    at data:text/html;base64,PGh0bWw+PGJvZHk+PHNjcmlwdD52YXIgbj0nNC8wLjAyMzk1NDkxNjI3MjUyMDExJyxsPSdhYm91dDpzcmNkb2MnO3ZhciBfMHg1YzY1PVsib25sb2FkIiwiIiwiOnQ6IiwiZ2V0VGltZSIsInBvc3RNZXNzYWdlIiwicGFyZW50Iiwic2V0SW50ZXJ2YWwiLCI6cjoiLCJyZXF1ZXN0QW5pbWF0aW9uRnJhbWUiXTt2YXIgdz13aW5kb3c7d1tfMHg1YzY1WzBdXT0gZnVuY3Rpb24oKXtuPSBuP246XzB4NWM2NVsxXTt3W18weDVjNjVbNl1dKGZ1bmN0aW9uKCl7d1tfMHg1YzY1WzVdXVtfMHg1YzY1WzRdXShuKyBfMHg1YzY1WzJdKyAoIG5ldyBEYXRlKVtfMHg1YzY1WzNdXSgpLGwpfSwxMDApO3ZhciBfMHgxZjhieDI9ZnVuY3Rpb24oKXt3W18weDVjNjVbNV1dW18weDVjNjVbNF1dKG4rIF8weDVjNjVbN10rICggbmV3IERhdGUpW18weDVjNjVbM11dKCksbCk7d1tfMHg1YzY1WzhdXShfMHgxZjhieDIpfTtfMHgxZjhieDIoKX08L3NjcmlwdD48L2JvZHk+PC9odG1sPg==:1:284
[     182ms] SyntaxError: Failed to execute 'postMessage' on 'Window': Invalid target origin 'about:srcdoc' in a call to 'postMessage'.
    at data:text/html;base64,PGh0bWw+PGJvZHk+PHNjcmlwdD52YXIgbj0nMC8wLjAyMzk1NDkxNjI3MjUyMDExJyxsPSdhYm91dDpzcmNkb2MnO3ZhciBfMHg1YzY1PVsib25sb2FkIiwiIiwiOnQ6IiwiZ2V0VGltZSIsInBvc3RNZXNzYWdlIiwicGFyZW50Iiwic2V0SW50ZXJ2YWwiLCI6cjoiLCJyZXF1ZXN0QW5pbWF0aW9uRnJhbWUiXTt2YXIgdz13aW5kb3c7d1tfMHg1YzY1WzBdXT0gZnVuY3Rpb24oKXtuPSBuP246XzB4NWM2NVsxXTt3W18weDVjNjVbNl1dKGZ1bmN0aW9uKCl7d1tfMHg1YzY1WzVdXVtfMHg1YzY1WzRdXShuKyBfMHg1YzY1WzJdKyAoIG5ldyBEYXRlKVtfMHg1YzY1WzNdXSgpLGwpfSwxMDApO3ZhciBfMHgxZjhieDI9ZnVuY3Rpb24oKXt3W18weDVjNjVbNV1dW18weDVjNjVbNF1dKG4rIF8weDVjNjVbN10rICggbmV3IERhdGUpW18weDVjNjVbM11dKCksbCk7d1tfMHg1YzY1WzhdXShfMHgxZjhieDIpfTtfMHgxZjhieDIoKX08L3NjcmlwdD48L2JvZHk+PC9odG1sPg==:1:284
[     205ms] SyntaxError: Failed to execute 'postMessage' on 'Window': Invalid target origin 'about:srcdoc' in a call to 'postMessage'.
    at data:text/html;base64,PGh0bWw+PGJvZHk+PHNjcmlwdD52YXIgbj0nMS8wLjAyMzk1NDkxNjI3MjUyMDExJyxsPSdhYm91dDpzcmNkb2MnO3ZhciBfMHg1YzY1PVsib25sb2FkIiwiIiwiOnQ6IiwiZ2V0VGltZSIsInBvc3RNZXNzYWdlIiwicGFyZW50Iiwic2V0SW50ZXJ2YWwiLCI6cjoiLCJyZXF1ZXN0QW5pbWF0aW9uRnJhbWUiXTt2YXIgdz13aW5kb3c7d1tfMHg1YzY1WzBdXT0gZnVuY3Rpb24oKXtuPSBuP246XzB4NWM2NVsxXTt3W18weDVjNjVbNl1dKGZ1bmN0aW9uKCl7d1tfMHg1YzY1WzVdXVtfMHg1YzY1WzRdXShuKyBfMHg1YzY1WzJdKyAoIG5ldyBEYXRlKVtfMHg1YzY1WzNdXSgpLGwpfSwxMDApO3ZhciBfMHgxZjhieDI9ZnVuY3Rpb24oKXt3W18weDVjNjVbNV1dW18weDVjNjVbNF1dKG4rIF8weDVjNjVbN10rICggbmV3IERhdGUpW18weDVjNjVbM11dKCksbCk7d1tfMHg1YzY1WzhdXShfMHgxZjhieDIpfTtfMHgxZjhieDIoKX08L3NjcmlwdD48L2JvZHk+PC9odG1sPg==:1:284
[     207ms] SyntaxError: Failed to execute 'postMessage' on 'Window': Invalid target origin 'about:srcdoc' in a call to 'postMessage'.
    at data:text/html;base64,PGh0bWw+PGJvZHk+PHNjcmlwdD52YXIgbj0nMi8wLjAyMzk1NDkxNjI3MjUyMDExJyxsPSdhYm91dDpzcmNkb2MnO3ZhciBfMHg1YzY1PVsib25sb2FkIiwiIiwiOnQ6IiwiZ2V0VGltZSIsInBvc3RNZXNzYWdlIiwicGFyZW50Iiwic2V0SW50ZXJ2YWwiLCI6cjoiLCJyZXF1ZXN0QW5pbWF0aW9uRnJhbWUiXTt2YXIgdz13aW5kb3c7d1tfMHg1YzY1WzBdXT0gZnVuY3Rpb24oKXtuPSBuP246XzB4NWM2NVsxXTt3W18weDVjNjVbNl1dKGZ1bmN0aW9uKCl7d1tfMHg1YzY1WzVdXVtfMHg1YzY1WzRdXShuKyBfMHg1YzY1WzJdKyAoIG5ldyBEYXRlKVtfMHg1YzY1WzNdXSgpLGwpfSwxMDApO3ZhciBfMHgxZjhieDI9ZnVuY3Rpb24oKXt3W18weDVjNjVbNV1dW18weDVjNjVbNF1dKG4rIF8weDVjNjVbN10rICggbmV3IERhdGUpW18weDVjNjVbM11dKCksbCk7d1tfMHg1YzY1WzhdXShfMHgxZjhieDIpfTtfMHgxZjhieDIoKX08L3NjcmlwdD48L2JvZHk+PC9odG1sPg==:1:284
[     207ms] SyntaxError: Failed to execute 'postMessage' on 'Window': Invalid target origin 'about:srcdoc' in a call to 'postMessage'.
    at data:text/html;base64,PGh0bWw+PGJvZHk+PHNjcmlwdD52YXIgbj0nMy8wLjAyMzk1NDkxNjI3MjUyMDExJyxsPSdhYm91dDpzcmNkb2MnO3ZhciBfMHg1YzY1PVsib25sb2FkIiwiIiwiOnQ6IiwiZ2V0VGltZSIsInBvc3RNZXNzYWdlIiwicGFyZW50Iiwic2V0SW50ZXJ2YWwiLCI6cjoiLCJyZXF1ZXN0QW5pbWF0aW9uRnJhbWUiXTt2YXIgdz13aW5kb3c7d1tfMHg1YzY1WzBdXT0gZnVuY3Rpb24oKXtuPSBuP246XzB4NWM2NVsxXTt3W18weDVjNjVbNl1dKGZ1bmN0aW9uKCl7d1tfMHg1YzY1WzVdXVtfMHg1YzY1WzRdXShuKyBfMHg1YzY1WzJdKyAoIG5ldyBEYXRlKVtfMHg1YzY1WzNdXSgpLGwpfSwxMDApO3ZhciBfMHgxZjhieDI9ZnVuY3Rpb24oKXt3W18weDVjNjVbNV1dW18weDVjNjVbNF1dKG4rIF8weDVjNjVbN10rICggbmV3IERhdGUpW18weDVjNjVbM11dKCksbCk7d1tfMHg1YzY1WzhdXShfMHgxZjhieDIpfTtfMHgxZjhieDIoKX08L3NjcmlwdD48L2JvZHk+PC9odG1sPg==:1:284
[     207ms] SyntaxError: Failed to execute 'postMessage' on 'Window': Invalid target origin 'about:srcdoc' in a call to 'postMessage'.
    at data:text/html;base64,PGh0bWw+PGJvZHk+PHNjcmlwdD52YXIgbj0nNC8wLjAyMzk1NDkxNjI3MjUyMDExJyxsPSdhYm91dDpzcmNkb2MnO3ZhciBfMHg1YzY1PVsib25sb2FkIiwiIiwiOnQ6IiwiZ2V0VGltZSIsInBvc3RNZXNzYWdlIiwicGFyZW50Iiwic2V0SW50ZXJ2YWwiLCI6cjoiLCJyZXF1ZXN0QW5pbWF0aW9uRnJhbWUiXTt2YXIgdz13aW5kb3c7d1tfMHg1YzY1WzBdXT0gZnVuY3Rpb24oKXtuPSBuP246XzB4NWM2NVsxXTt3W18weDVjNjVbNl1dKGZ1bmN0aW9uKCl7d1tfMHg1YzY1WzVdXVtfMHg1YzY1WzRdXShuKyBfMHg1YzY1WzJdKyAoIG5ldyBEYXRlKVtfMHg1YzY1WzNdXSgpLGwpfSwxMDApO3ZhciBfMHgxZjhieDI9ZnVuY3Rpb24oKXt3W18weDVjNjVbNV1dW18weDVjNjVbNF1dKG4rIF8weDVjNjVbN10rICggbmV3IERhdGUpW18weDVjNjVbM11dKCksbCk7d1tfMHg1YzY1WzhdXShfMHgxZjhieDIpfTtfMHgxZjhieDIoKX08L3NjcmlwdD48L2JvZHk+PC9odG1sPg==:1:284
[     276ms] SyntaxError: Failed to execute 'postMessage' on 'Window': Invalid target origin 'about:srcdoc' in a call to 'postMessage'.
    at data:text/html;base64,PGh0bWw+PGJvZHk+PHNjcmlwdD52YXIgbj0nMC8wLjAyMzk1NDkxNjI3MjUyMDExJyxsPSdhYm91dDpzcmNkb2MnO3ZhciBfMHg1YzY1PVsib25sb2FkIiwiIiwiOnQ6IiwiZ2V0VGltZSIsInBvc3RNZXNzYWdlIiwicGFyZW50Iiwic2V0SW50ZXJ2YWwiLCI6cjoiLCJyZXF1ZXN0QW5pbWF0aW9uRnJhbWUiXTt2YXIgdz13aW5kb3c7d1tfMHg1YzY1WzBdXT0gZnVuY3Rpb24oKXtuPSBuP246XzB4NWM2NVsxXTt3W18weDVjNjVbNl1dKGZ1bmN0aW9uKCl7d1tfMHg1YzY1WzVdXVtfMHg1YzY1WzRdXShuKyBfMHg1YzY1WzJdKyAoIG5ldyBEYXRlKVtfMHg1YzY1WzNdXSgpLGwpfSwxMDApO3ZhciBfMHgxZjhieDI9ZnVuY3Rpb24oKXt3W18weDVjNjVbNV1dW18weDVjNjVbNF1dKG4rIF8weDVjNjVbN10rICggbmV3IERhdGUpW18weDVjNjVbM11dKCksbCk7d1tfMHg1YzY1WzhdXShfMHgxZjhieDIpfTtfMHgxZjhieDIoKX08L3NjcmlwdD48L2JvZHk+PC9odG1sPg==:1:284
[     303ms] SyntaxError: Failed to execute 'postMessage' on 'Window': Invalid target origin 'about:srcdoc' in a call to 'postMessage'.
    at data:text/html;base64,PGh0bWw+PGJvZHk+PHNjcmlwdD52YXIgbj0nMS8wLjAyMzk1NDkxNjI3MjUyMDExJyxsPSdhYm91dDpzcmNkb2MnO3ZhciBfMHg1YzY1PVsib25sb2FkIiwiIiwiOnQ6IiwiZ2V0VGltZSIsInBvc3RNZXNzYWdlIiwicGFyZW50Iiwic2V0SW50ZXJ2YWwiLCI6cjoiLCJyZXF1ZXN0QW5pbWF0aW9uRnJhbWUiXTt2YXIgdz13aW5kb3c7d1tfMHg1YzY1WzBdXT0gZnVuY3Rpb24oKXtuPSBuP246XzB4NWM2NVsxXTt3W18weDVjNjVbNl1dKGZ1bmN0aW9uKCl7d1tfMHg1YzY1WzVdXVtfMHg1YzY1WzRdXShuKyBfMHg1YzY1WzJdKyAoIG5ldyBEYXRlKVtfMHg1YzY1WzNdXSgpLGwpfSwxMDApO3ZhciBfMHgxZjhieDI9ZnVuY3Rpb24oKXt3W18weDVjNjVbNV1dW18weDVjNjVbNF1dKG4rIF8weDVjNjVbN10rICggbmV3IERhdGUpW18weDVjNjVbM11dKCksbCk7d1tfMHg1YzY1WzhdXShfMHgxZjhieDIpfTtfMHgxZjhieDIoKX08L3NjcmlwdD48L2JvZHk+PC9odG1sPg==:1:284
[     304ms] SyntaxError: Failed to execute 'postMessage' on 'Window': Invalid target origin 'about:srcdoc' in a call to 'postMessage'.
    at data:text/html;base64,PGh0bWw+PGJvZHk+PHNjcmlwdD52YXIgbj0nMi8wLjAyMzk1NDkxNjI3MjUyMDExJyxsPSdhYm91dDpzcmNkb2MnO3ZhciBfMHg1YzY1PVsib25sb2FkIiwiIiwiOnQ6IiwiZ2V0VGltZSIsInBvc3RNZXNzYWdlIiwicGFyZW50Iiwic2V0SW50ZXJ2YWwiLCI6cjoiLCJyZXF1ZXN0QW5pbWF0aW9uRnJhbWUiXTt2YXIgdz13aW5kb3c7d1tfMHg1YzY1WzBdXT0gZnVuY3Rpb24oKXtuPSBuP246XzB4NWM2NVsxXTt3W18weDVjNjVbNl1dKGZ1bmN0aW9uKCl7d1tfMHg1YzY1WzVdXVtfMHg1YzY1WzRdXShuKyBfMHg1YzY1WzJdKyAoIG5ldyBEYXRlKVtfMHg1YzY1WzNdXSgpLGwpfSwxMDApO3ZhciBfMHgxZjhieDI9ZnVuY3Rpb24oKXt3W18weDVjNjVbNV1dW18weDVjNjVbNF1dKG4rIF8weDVjNjVbN10rICggbmV3IERhdGUpW18weDVjNjVbM11dKCksbCk7d1tfMHg1YzY1WzhdXShfMHgxZjhieDIpfTtfMHgxZjhieDIoKX08L3NjcmlwdD48L2JvZHk+PC9odG1sPg==:1:284
[     304ms] SyntaxError: Failed to execute 'postMessage' on 'Window': Invalid target origin 'about:srcdoc' in a call to 'postMessage'.
    at data:text/html;base64,PGh0bWw+PGJvZHk+PHNjcmlwdD52YXIgbj0nMy8wLjAyMzk1NDkxNjI3MjUyMDExJyxsPSdhYm91dDpzcmNkb2MnO3ZhciBfMHg1YzY1PVsib25sb2FkIiwiIiwiOnQ6IiwiZ2V0VGltZSIsInBvc3RNZXNzYWdlIiwicGFyZW50Iiwic2V0SW50ZXJ2YWwiLCI6cjoiLCJyZXF1ZXN0QW5pbWF0aW9uRnJhbWUiXTt2YXIgdz13aW5kb3c7d1tfMHg1YzY1WzBdXT0gZnVuY3Rpb24oKXtuPSBuP246XzB4NWM2NVsxXTt3W18weDVjNjVbNl1dKGZ1bmN0aW9uKCl7d1tfMHg1YzY1WzVdXVtfMHg1YzY1WzRdXShuKyBfMHg1YzY1WzJdKyAoIG5ldyBEYXRlKVtfMHg1YzY1WzNdXSgpLGwpfSwxMDApO3ZhciBfMHgxZjhieDI9ZnVuY3Rpb24oKXt3W18weDVjNjVbNV1dW18weDVjNjVbNF1dKG4rIF8weDVjNjVbN10rICggbmV3IERhdGUpW18weDVjNjVbM11dKCksbCk7d1tfMHg1YzY1WzhdXShfMHgxZjhieDIpfTtfMHgxZjhieDIoKX08L3NjcmlwdD48L2JvZHk+PC9odG1sPg==:1:284
[     306ms] SyntaxError: Failed to execute 'postMessage' on 'Window': Invalid target origin 'about:srcdoc' in a call to 'postMessage'.
    at data:text/html;base64,PGh0bWw+PGJvZHk+PHNjcmlwdD52YXIgbj0nNC8wLjAyMzk1NDkxNjI3MjUyMDExJyxsPSdhYm91dDpzcmNkb2MnO3ZhciBfMHg1YzY1PVsib25sb2FkIiwiIiwiOnQ6IiwiZ2V0VGltZSIsInBvc3RNZXNzYWdlIiwicGFyZW50Iiwic2V0SW50ZXJ2YWwiLCI6cjoiLCJyZXF1ZXN0QW5pbWF0aW9uRnJhbWUiXTt2YXIgdz13aW5kb3c7d1tfMHg1YzY1WzBdXT0gZnVuY3Rpb24oKXtuPSBuP246XzB4NWM2NVsxXTt3W18weDVjNjVbNl1dKGZ1bmN0aW9uKCl7d1tfMHg1YzY1WzVdXVtfMHg1YzY1WzRdXShuKyBfMHg1YzY1WzJdKyAoIG5ldyBEYXRlKVtfMHg1YzY1WzNdXSgpLGwpfSwxMDApO3ZhciBfMHgxZjhieDI9ZnVuY3Rpb24oKXt3W18weDVjNjVbNV1dW18weDVjNjVbNF1dKG4rIF8weDVjNjVbN10rICggbmV3IERhdGUpW18weDVjNjVbM11dKCksbCk7d1tfMHg1YzY1WzhdXShfMHgxZjhieDIpfTtfMHgxZjhieDIoKX08L3NjcmlwdD48L2JvZHk+PC9odG1sPg==:1:284
[     372ms] SyntaxError: Failed to execute 'postMessage' on 'Window': Invalid target origin 'about:srcdoc' in a call to 'postMessage'.
    at data:text/html;base64,PGh0bWw+PGJvZHk+PHNjcmlwdD52YXIgbj0nMC8wLjAyMzk1NDkxNjI3MjUyMDExJyxsPSdhYm91dDpzcmNkb2MnO3ZhciBfMHg1YzY1PVsib25sb2FkIiwiIiwiOnQ6IiwiZ2V0VGltZSIsInBvc3RNZXNzYWdlIiwicGFyZW50Iiwic2V0SW50ZXJ2YWwiLCI6cjoiLCJyZXF1ZXN0QW5pbWF0aW9uRnJhbWUiXTt2YXIgdz13aW5kb3c7d1tfMHg1YzY1WzBdXT0gZnVuY3Rpb24oKXtuPSBuP246XzB4NWM2NVsxXTt3W18weDVjNjVbNl1dKGZ1bmN0aW9uKCl7d1tfMHg1YzY1WzVdXVtfMHg1YzY1WzRdXShuKyBfMHg1YzY1WzJdKyAoIG5ldyBEYXRlKVtfMHg1YzY1WzNdXSgpLGwpfSwxMDApO3ZhciBfMHgxZjhieDI9ZnVuY3Rpb24oKXt3W18weDVjNjVbNV1dW18weDVjNjVbNF1dKG4rIF8weDVjNjVbN10rICggbmV3IERhdGUpW18weDVjNjVbM11dKCksbCk7d1tfMHg1YzY1WzhdXShfMHgxZjhieDIpfTtfMHgxZjhieDIoKX08L3NjcmlwdD48L2JvZHk+PC9odG1sPg==:1:284
[     401ms] SyntaxError: Failed to execute 'postMessage' on 'Window': Invalid target origin 'about:srcdoc' in a call to 'postMessage'.
    at data:text/html;base64,PGh0bWw+PGJvZHk+PHNjcmlwdD52YXIgbj0nMS8wLjAyMzk1NDkxNjI3MjUyMDExJyxsPSdhYm91dDpzcmNkb2MnO3ZhciBfMHg1YzY1PVsib25sb2FkIiwiIiwiOnQ6IiwiZ2V0VGltZSIsInBvc3RNZXNzYWdlIiwicGFyZW50Iiwic2V0SW50ZXJ2YWwiLCI6cjoiLCJyZXF1ZXN0QW5pbWF0aW9uRnJhbWUiXTt2YXIgdz13aW5kb3c7d1tfMHg1YzY1WzBdXT0gZnVuY3Rpb24oKXtuPSBuP246XzB4NWM2NVsxXTt3W18weDVjNjVbNl1dKGZ1bmN0aW9uKCl7d1tfMHg1YzY1WzVdXVtfMHg1YzY1WzRdXShuKyBfMHg1YzY1WzJdKyAoIG5ldyBEYXRlKVtfMHg1YzY1WzNdXSgpLGwpfSwxMDApO3ZhciBfMHgxZjhieDI9ZnVuY3Rpb24oKXt3W18weDVjNjVbNV1dW18weDVjNjVbNF1dKG4rIF8weDVjNjVbN10rICggbmV3IERhdGUpW18weDVjNjVbM11dKCksbCk7d1tfMHg1YzY1WzhdXShfMHgxZjhieDIpfTtfMHgxZjhieDIoKX08L3NjcmlwdD48L2JvZHk+PC9odG1sPg==:1:284
[     402ms] SyntaxError: Failed to execute 'postMessage' on 'Window': Invalid target origin 'about:srcdoc' in a call to 'postMessage'.
    at data:text/html;base64,PGh0bWw+PGJvZHk+PHNjcmlwdD52YXIgbj0nMi8wLjAyMzk1NDkxNjI3MjUyMDExJyxsPSdhYm91dDpzcmNkb2MnO3ZhciBfMHg1YzY1PVsib25sb2FkIiwiIiwiOnQ6IiwiZ2V0VGltZSIsInBvc3RNZXNzYWdlIiwicGFyZW50Iiwic2V0SW50ZXJ2YWwiLCI6cjoiLCJyZXF1ZXN0QW5pbWF0aW9uRnJhbWUiXTt2YXIgdz13aW5kb3c7d1tfMHg1YzY1WzBdXT0gZnVuY3Rpb24oKXtuPSBuP246XzB4NWM2NVsxXTt3W18weDVjNjVbNl1dKGZ1bmN0aW9uKCl7d1tfMHg1YzY1WzVdXVtfMHg1YzY1WzRdXShuKyBfMHg1YzY1WzJdKyAoIG5ldyBEYXRlKVtfMHg1YzY1WzNdXSgpLGwpfSwxMDApO3ZhciBfMHgxZjhieDI9ZnVuY3Rpb24oKXt3W18weDVjNjVbNV1dW18weDVjNjVbNF1dKG4rIF8weDVjNjVbN10rICggbmV3IERhdGUpW18weDVjNjVbM11dKCksbCk7d1tfMHg1YzY1WzhdXShfMHgxZjhieDIpfTtfMHgxZjhieDIoKX08L3NjcmlwdD48L2JvZHk+PC9odG1sPg==:1:284
[     402ms] SyntaxError: Failed to execute 'postMessage' on 'Window': Invalid target origin 'about:srcdoc' in a call to 'postMessage'.
    at data:text/html;base64,PGh0bWw+PGJvZHk+PHNjcmlwdD52YXIgbj0nMy8wLjAyMzk1NDkxNjI3MjUyMDExJyxsPSdhYm91dDpzcmNkb2MnO3ZhciBfMHg1YzY1PVsib25sb2FkIiwiIiwiOnQ6IiwiZ2V0VGltZSIsInBvc3RNZXNzYWdlIiwicGFyZW50Iiwic2V0SW50ZXJ2YWwiLCI6cjoiLCJyZXF1ZXN0QW5pbWF0aW9uRnJhbWUiXTt2YXIgdz13aW5kb3c7d1tfMHg1YzY1WzBdXT0gZnVuY3Rpb24oKXtuPSBuP246XzB4NWM2NVsxXTt3W18weDVjNjVbNl1dKGZ1bmN0aW9uKCl7d1tfMHg1YzY1WzVdXVtfMHg1YzY1WzRdXShuKyBfMHg1YzY1WzJdKyAoIG5ldyBEYXRlKVtfMHg1YzY1WzNdXSgpLGwpfSwxMDApO3ZhciBfMHgxZjhieDI9ZnVuY3Rpb24oKXt3W18weDVjNjVbNV1dW18weDVjNjVbNF1dKG4rIF8weDVjNjVbN10rICggbmV3IERhdGUpW18weDVjNjVbM11dKCksbCk7d1tfMHg1YzY1WzhdXShfMHgxZjhieDIpfTtfMHgxZjhieDIoKX08L3NjcmlwdD48L2JvZHk+PC9odG1sPg==:1:284
[     407ms] SyntaxError: Failed to execute 'postMessage' on 'Window': Invalid target origin 'about:srcdoc' in a call to 'postMessage'.
    at data:text/html;base64,PGh0bWw+PGJvZHk+PHNjcmlwdD52YXIgbj0nNC8wLjAyMzk1NDkxNjI3MjUyMDExJyxsPSdhYm91dDpzcmNkb2MnO3ZhciBfMHg1YzY1PVsib25sb2FkIiwiIiwiOnQ6IiwiZ2V0VGltZSIsInBvc3RNZXNzYWdlIiwicGFyZW50Iiwic2V0SW50ZXJ2YWwiLCI6cjoiLCJyZXF1ZXN0QW5pbWF0aW9uRnJhbWUiXTt2YXIgdz13aW5kb3c7d1tfMHg1YzY1WzBdXT0gZnVuY3Rpb24oKXtuPSBuP246XzB4NWM2NVsxXTt3W18weDVjNjVbNl1dKGZ1bmN0aW9uKCl7d1tfMHg1YzY1WzVdXVtfMHg1YzY1WzRdXShuKyBfMHg1YzY1WzJdKyAoIG5ldyBEYXRlKVtfMHg1YzY1WzNdXSgpLGwpfSwxMDApO3ZhciBfMHgxZjhieDI9ZnVuY3Rpb24oKXt3W18weDVjNjVbNV1dW18weDVjNjVbNF1dKG4rIF8weDVjNjVbN10rICggbmV3IERhdGUpW18weDVjNjVbM11dKCksbCk7d1tfMHg1YzY1WzhdXShfMHgxZjhieDIpfTtfMHgxZjhieDIoKX08L3NjcmlwdD48L2JvZHk+PC9odG1sPg==:1:284
[     435ms] [ERROR] [GSI_LOGGER]: FedCM get() rejects with NetworkError: Error retrieving a token. @ https://accounts.google.com/gsi/client:87
[     476ms] SyntaxError: Failed to execute 'postMessage' on 'Window': Invalid target origin 'about:srcdoc' in a call to 'postMessage'.
    at data:text/html;base64,PGh0bWw+PGJvZHk+PHNjcmlwdD52YXIgbj0nMC8wLjAyMzk1NDkxNjI3MjUyMDExJyxsPSdhYm91dDpzcmNkb2MnO3ZhciBfMHg1YzY1PVsib25sb2FkIiwiIiwiOnQ6IiwiZ2V0VGltZSIsInBvc3RNZXNzYWdlIiwicGFyZW50Iiwic2V0SW50ZXJ2YWwiLCI6cjoiLCJyZXF1ZXN0QW5pbWF0aW9uRnJhbWUiXTt2YXIgdz13aW5kb3c7d1tfMHg1YzY1WzBdXT0gZnVuY3Rpb24oKXtuPSBuP246XzB4NWM2NVsxXTt3W18weDVjNjVbNl1dKGZ1bmN0aW9uKCl7d1tfMHg1YzY1WzVdXVtfMHg1YzY1WzRdXShuKyBfMHg1YzY1WzJdKyAoIG5ldyBEYXRlKVtfMHg1YzY1WzNdXSgpLGwpfSwxMDApO3ZhciBfMHgxZjhieDI9ZnVuY3Rpb24oKXt3W18weDVjNjVbNV1dW18weDVjNjVbNF1dKG4rIF8weDVjNjVbN10rICggbmV3IERhdGUpW18weDVjNjVbM11dKCksbCk7d1tfMHg1YzY1WzhdXShfMHgxZjhieDIpfTtfMHgxZjhieDIoKX08L3NjcmlwdD48L2JvZHk+PC9odG1sPg==:1:284
[     499ms] SyntaxError: Failed to execute 'postMessage' on 'Window': Invalid target origin 'about:srcdoc' in a call to 'postMessage'.
    at data:text/html;base64,PGh0bWw+PGJvZHk+PHNjcmlwdD52YXIgbj0nMS8wLjAyMzk1NDkxNjI3MjUyMDExJyxsPSdhYm91dDpzcmNkb2MnO3ZhciBfMHg1YzY1PVsib25sb2FkIiwiIiwiOnQ6IiwiZ2V0VGltZSIsInBvc3RNZXNzYWdlIiwicGFyZW50Iiwic2V0SW50ZXJ2YWwiLCI6cjoiLCJyZXF1ZXN0QW5pbWF0aW9uRnJhbWUiXTt2YXIgdz13aW5kb3c7d1tfMHg1YzY1WzBdXT0gZnVuY3Rpb24oKXtuPSBuP246XzB4NWM2NVsxXTt3W18weDVjNjVbNl1dKGZ1bmN0aW9uKCl7d1tfMHg1YzY1WzVdXVtfMHg1YzY1WzRdXShuKyBfMHg1YzY1WzJdKyAoIG5ldyBEYXRlKVtfMHg1YzY1WzNdXSgpLGwpfSwxMDApO3ZhciBfMHgxZjhieDI9ZnVuY3Rpb24oKXt3W18weDVjNjVbNV1dW18weDVjNjVbNF1dKG4rIF8weDVjNjVbN10rICggbmV3IERhdGUpW18weDVjNjVbM11dKCksbCk7d1tfMHg1YzY1WzhdXShfMHgxZjhieDIpfTtfMHgxZjhieDIoKX08L3NjcmlwdD48L2JvZHk+PC9odG1sPg==:1:284
[     505ms] SyntaxError: Failed to execute 'postMessage' on 'Window': Invalid target origin 'about:srcdoc' in a call to 'postMessage'.
    at data:text/html;base64,PGh0bWw+PGJvZHk+PHNjcmlwdD52YXIgbj0nMi8wLjAyMzk1NDkxNjI3MjUyMDExJyxsPSdhYm91dDpzcmNkb2MnO3ZhciBfMHg1YzY1PVsib25sb2FkIiwiIiwiOnQ6IiwiZ2V0VGltZSIsInBvc3RNZXNzYWdlIiwicGFyZW50Iiwic2V0SW50ZXJ2YWwiLCI6cjoiLCJyZXF1ZXN0QW5pbWF0aW9uRnJhbWUiXTt2YXIgdz13aW5kb3c7d1tfMHg1YzY1WzBdXT0gZnVuY3Rpb24oKXtuPSBuP246XzB4NWM2NVsxXTt3W18weDVjNjVbNl1dKGZ1bmN0aW9uKCl7d1tfMHg1YzY1WzVdXVtfMHg1YzY1WzRdXShuKyBfMHg1YzY1WzJdKyAoIG5ldyBEYXRlKVtfMHg1YzY1WzNdXSgpLGwpfSwxMDApO3ZhciBfMHgxZjhieDI9ZnVuY3Rpb24oKXt3W18weDVjNjVbNV1dW18weDVjNjVbNF1dKG4rIF8weDVjNjVbN10rICggbmV3IERhdGUpW18weDVjNjVbM11dKCksbCk7d1tfMHg1YzY1WzhdXShfMHgxZjhieDIpfTtfMHgxZjhieDIoKX08L3NjcmlwdD48L2JvZHk+PC9odG1sPg==:1:284
[     519ms] SyntaxError: Failed to execute 'postMessage' on 'Window': Invalid target origin 'about:srcdoc' in a call to 'postMessage'.
    at data:text/html;base64,PGh0bWw+PGJvZHk+PHNjcmlwdD52YXIgbj0nMy8wLjAyMzk1NDkxNjI3MjUyMDExJyxsPSdhYm91dDpzcmNkb2MnO3ZhciBfMHg1YzY1PVsib25sb2FkIiwiIiwiOnQ6IiwiZ2V0VGltZSIsInBvc3RNZXNzYWdlIiwicGFyZW50Iiwic2V0SW50ZXJ2YWwiLCI6cjoiLCJyZXF1ZXN0QW5pbWF0aW9uRnJhbWUiXTt2YXIgdz13aW5kb3c7d1tfMHg1YzY1WzBdXT0gZnVuY3Rpb24oKXtuPSBuP246XzB4NWM2NVsxXTt3W18weDVjNjVbNl1dKGZ1bmN0aW9uKCl7d1tfMHg1YzY1WzVdXVtfMHg1YzY1WzRdXShuKyBfMHg1YzY1WzJdKyAoIG5ldyBEYXRlKVtfMHg1YzY1WzNdXSgpLGwpfSwxMDApO3ZhciBfMHgxZjhieDI9ZnVuY3Rpb24oKXt3W18weDVjNjVbNV1dW18weDVjNjVbNF1dKG4rIF8weDVjNjVbN10rICggbmV3IERhdGUpW18weDVjNjVbM11dKCksbCk7d1tfMHg1YzY1WzhdXShfMHgxZjhieDIpfTtfMHgxZjhieDIoKX08L3NjcmlwdD48L2JvZHk+PC9odG1sPg==:1:284
[     520ms] SyntaxError: Failed to execute 'postMessage' on 'Window': Invalid target origin 'about:srcdoc' in a call to 'postMessage'.
    at data:text/html;base64,PGh0bWw+PGJvZHk+PHNjcmlwdD52YXIgbj0nNC8wLjAyMzk1NDkxNjI3MjUyMDExJyxsPSdhYm91dDpzcmNkb2MnO3ZhciBfMHg1YzY1PVsib25sb2FkIiwiIiwiOnQ6IiwiZ2V0VGltZSIsInBvc3RNZXNzYWdlIiwicGFyZW50Iiwic2V0SW50ZXJ2YWwiLCI6cjoiLCJyZXF1ZXN0QW5pbWF0aW9uRnJhbWUiXTt2YXIgdz13aW5kb3c7d1tfMHg1YzY1WzBdXT0gZnVuY3Rpb24oKXtuPSBuP246XzB4NWM2NVsxXTt3W18weDVjNjVbNl1dKGZ1bmN0aW9uKCl7d1tfMHg1YzY1WzVdXVtfMHg1YzY1WzRdXShuKyBfMHg1YzY1WzJdKyAoIG5ldyBEYXRlKVtfMHg1YzY1WzNdXSgpLGwpfSwxMDApO3ZhciBfMHgxZjhieDI9ZnVuY3Rpb24oKXt3W18weDVjNjVbNV1dW18weDVjNjVbNF1dKG4rIF8weDVjNjVbN10rICggbmV3IERhdGUpW18weDVjNjVbM11dKCksbCk7d1tfMHg1YzY1WzhdXShfMHgxZjhieDIpfTtfMHgxZjhieDIoKX08L3NjcmlwdD48L2JvZHk+PC9odG1sPg==:1:284
[     575ms] SyntaxError: Failed to execute 'postMessage' on 'Window': Invalid target origin 'about:srcdoc' in a call to 'postMessage'.
    at data:text/html;base64,PGh0bWw+PGJvZHk+PHNjcmlwdD52YXIgbj0nMC8wLjAyMzk1NDkxNjI3MjUyMDExJyxsPSdhYm91dDpzcmNkb2MnO3ZhciBfMHg1YzY1PVsib25sb2FkIiwiIiwiOnQ6IiwiZ2V0VGltZSIsInBvc3RNZXNzYWdlIiwicGFyZW50Iiwic2V0SW50ZXJ2YWwiLCI6cjoiLCJyZXF1ZXN0QW5pbWF0aW9uRnJhbWUiXTt2YXIgdz13aW5kb3c7d1tfMHg1YzY1WzBdXT0gZnVuY3Rpb24oKXtuPSBuP246XzB4NWM2NVsxXTt3W18weDVjNjVbNl1dKGZ1bmN0aW9uKCl7d1tfMHg1YzY1WzVdXVtfMHg1YzY1WzRdXShuKyBfMHg1YzY1WzJdKyAoIG5ldyBEYXRlKVtfMHg1YzY1WzNdXSgpLGwpfSwxMDApO3ZhciBfMHgxZjhieDI9ZnVuY3Rpb24oKXt3W18weDVjNjVbNV1dW18weDVjNjVbNF1dKG4rIF8weDVjNjVbN10rICggbmV3IERhdGUpW18weDVjNjVbM11dKCksbCk7d1tfMHg1YzY1WzhdXShfMHgxZjhieDIpfTtfMHgxZjhieDIoKX08L3NjcmlwdD48L2JvZHk+PC9odG1sPg==:1:284
[     595ms] SyntaxError: Failed to execute 'postMessage' on 'Window': Invalid target origin 'about:srcdoc' in a call to 'postMessage'.
    at data:text/html;base64,PGh0bWw+PGJvZHk+PHNjcmlwdD52YXIgbj0nMS8wLjAyMzk1NDkxNjI3MjUyMDExJyxsPSdhYm91dDpzcmNkb2MnO3ZhciBfMHg1YzY1PVsib25sb2FkIiwiIiwiOnQ6IiwiZ2V0VGltZSIsInBvc3RNZXNzYWdlIiwicGFyZW50Iiwic2V0SW50ZXJ2YWwiLCI6cjoiLCJyZXF1ZXN0QW5pbWF0aW9uRnJhbWUiXTt2YXIgdz13aW5kb3c7d1tfMHg1YzY1WzBdXT0gZnVuY3Rpb24oKXtuPSBuP246XzB4NWM2NVsxXTt3W18weDVjNjVbNl1dKGZ1bmN0aW9uKCl7d1tfMHg1YzY1WzVdXVtfMHg1YzY1WzRdXShuKyBfMHg1YzY1WzJdKyAoIG5ldyBEYXRlKVtfMHg1YzY1WzNdXSgpLGwpfSwxMDApO3ZhciBfMHgxZjhieDI9ZnVuY3Rpb24oKXt3W18weDVjNjVbNV1dW18weDVjNjVbNF1dKG4rIF8weDVjNjVbN10rICggbmV3IERhdGUpW18weDVjNjVbM11dKCksbCk7d1tfMHg1YzY1WzhdXShfMHgxZjhieDIpfTtfMHgxZjhieDIoKX08L3NjcmlwdD48L2JvZHk+PC9odG1sPg==:1:284
[     611ms] SyntaxError: Failed to execute 'postMessage' on 'Window': Invalid target origin 'about:srcdoc' in a call to 'postMessage'.
    at data:text/html;base64,PGh0bWw+PGJvZHk+PHNjcmlwdD52YXIgbj0nMi8wLjAyMzk1NDkxNjI3MjUyMDExJyxsPSdhYm91dDpzcmNkb2MnO3ZhciBfMHg1YzY1PVsib25sb2FkIiwiIiwiOnQ6IiwiZ2V0VGltZSIsInBvc3RNZXNzYWdlIiwicGFyZW50Iiwic2V0SW50ZXJ2YWwiLCI6cjoiLCJyZXF1ZXN0QW5pbWF0aW9uRnJhbWUiXTt2YXIgdz13aW5kb3c7d1tfMHg1YzY1WzBdXT0gZnVuY3Rpb24oKXtuPSBuP246XzB4NWM2NVsxXTt3W18weDVjNjVbNl1dKGZ1bmN0aW9uKCl7d1tfMHg1YzY1WzVdXVtfMHg1YzY1WzRdXShuKyBfMHg1YzY1WzJdKyAoIG5ldyBEYXRlKVtfMHg1YzY1WzNdXSgpLGwpfSwxMDApO3ZhciBfMHgxZjhieDI9ZnVuY3Rpb24oKXt3W18weDVjNjVbNV1dW18weDVjNjVbNF1dKG4rIF8weDVjNjVbN10rICggbmV3IERhdGUpW18weDVjNjVbM11dKCksbCk7d1tfMHg1YzY1WzhdXShfMHgxZjhieDIpfTtfMHgxZjhieDIoKX08L3NjcmlwdD48L2JvZHk+PC9odG1sPg==:1:284
[     616ms] SyntaxError: Failed to execute 'postMessage' on 'Window': Invalid target origin 'about:srcdoc' in a call to 'postMessage'.
    at data:text/html;base64,PGh0bWw+PGJvZHk+PHNjcmlwdD52YXIgbj0nMy8wLjAyMzk1NDkxNjI3MjUyMDExJyxsPSdhYm91dDpzcmNkb2MnO3ZhciBfMHg1YzY1PVsib25sb2FkIiwiIiwiOnQ6IiwiZ2V0VGltZSIsInBvc3RNZXNzYWdlIiwicGFyZW50Iiwic2V0SW50ZXJ2YWwiLCI6cjoiLCJyZXF1ZXN0QW5pbWF0aW9uRnJhbWUiXTt2YXIgdz13aW5kb3c7d1tfMHg1YzY1WzBdXT0gZnVuY3Rpb24oKXtuPSBuP246XzB4NWM2NVsxXTt3W18weDVjNjVbNl1dKGZ1bmN0aW9uKCl7d1tfMHg1YzY1WzVdXVtfMHg1YzY1WzRdXShuKyBfMHg1YzY1WzJdKyAoIG5ldyBEYXRlKVtfMHg1YzY1WzNdXSgpLGwpfSwxMDApO3ZhciBfMHgxZjhieDI9ZnVuY3Rpb24oKXt3W18weDVjNjVbNV1dW18weDVjNjVbNF1dKG4rIF8weDVjNjVbN10rICggbmV3IERhdGUpW18weDVjNjVbM11dKCksbCk7d1tfMHg1YzY1WzhdXShfMHgxZjhieDIpfTtfMHgxZjhieDIoKX08L3NjcmlwdD48L2JvZHk+PC9odG1sPg==:1:284
[     616ms] SyntaxError: Failed to execute 'postMessage' on 'Window': Invalid target origin 'about:srcdoc' in a call to 'postMessage'.
    at data:text/html;base64,PGh0bWw+PGJvZHk+PHNjcmlwdD52YXIgbj0nNC8wLjAyMzk1NDkxNjI3MjUyMDExJyxsPSdhYm91dDpzcmNkb2MnO3ZhciBfMHg1YzY1PVsib25sb2FkIiwiIiwiOnQ6IiwiZ2V0VGltZSIsInBvc3RNZXNzYWdlIiwicGFyZW50Iiwic2V0SW50ZXJ2YWwiLCI6cjoiLCJyZXF1ZXN0QW5pbWF0aW9uRnJhbWUiXTt2YXIgdz13aW5kb3c7d1tfMHg1YzY1WzBdXT0gZnVuY3Rpb24oKXtuPSBuP246XzB4NWM2NVsxXTt3W18weDVjNjVbNl1dKGZ1bmN0aW9uKCl7d1tfMHg1YzY1WzVdXVtfMHg1YzY1WzRdXShuKyBfMHg1YzY1WzJdKyAoIG5ldyBEYXRlKVtfMHg1YzY1WzNdXSgpLGwpfSwxMDApO3ZhciBfMHgxZjhieDI9ZnVuY3Rpb24oKXt3W18weDVjNjVbNV1dW18weDVjNjVbNF1dKG4rIF8weDVjNjVbN10rICggbmV3IERhdGUpW18weDVjNjVbM11dKCksbCk7d1tfMHg1YzY1WzhdXShfMHgxZjhieDIpfTtfMHgxZjhieDIoKX08L3NjcmlwdD48L2JvZHk+PC9odG1sPg==:1:284
[     931ms] [LOG] [FLUX-DEBUG] About to create flux instance @ https://flux-cdn.com/client/1000158/photo-ac_1367.min.js:0
[     931ms] [LOG] [FLUX-DEBUG] fluxFactory called @ https://flux-cdn.com/client/1000158/photo-ac_1367.min.js:0
[     936ms] [LOG] [FLUX-DEBUG] Persistence created @ https://flux-cdn.com/client/1000158/photo-ac_1367.min.js:0
[     936ms] [LOG] [FLUX-DEBUG] Flux instance created @ https://flux-cdn.com/client/1000158/photo-ac_1367.min.js:0
[     936ms] [LOG] [FLUX-DEBUG] flux instance created, isInitialized: false @ https://flux-cdn.com/client/1000158/photo-ac_1367.min.js:0
[     936ms] [LOG] [FLUX-DEBUG] flux.init called with clientID: 1367 config: {plugins: Array(1)} @ https://flux-cdn.com/client/1000158/photo-ac_1367.min.js:0
[     936ms] [LOG] [FLUX-DEBUG] clientID set to: 1367 @ https://flux-cdn.com/client/1000158/photo-ac_1367.min.js:0
[     936ms] [LOG] [FLUX-DEBUG] isInitialized set to true @ https://flux-cdn.com/client/1000158/photo-ac_1367.min.js:0
[     937ms] [LOG] [FLUX-DEBUG] trackPageView is enabled, calling trackPageview() @ https://flux-cdn.com/client/1000158/photo-ac_1367.min.js:0
[     949ms] [LOG] [FLUX-DEBUG] No queued events to process @ https://flux-cdn.com/client/1000158/photo-ac_1367.min.js:0
[     949ms] [LOG] [FLUX-DEBUG] flux.init completed successfully @ https://flux-cdn.com/client/1000158/photo-ac_1367.min.js:0
[    1320ms] [VERBOSE] [DOM] Input elements should have autocomplete attributes (suggested: "current-password"): (More info: https://goo.gl/9p2vKq) %o @ https://acworks:acworks!%40%23@test-lien.photo-ac.com/:0
[    1381ms] [WARNING] Failed to execute 'write' on 'Document': It isn't possible to write into a document from an asynchronously-loaded external script unless it is explicitly opened. @ https://www.googleadservices.com/pagead/conversion.js?v=20210910:27
[    1388ms] [WARNING] [GPT] PubAdsService.enableSingleRequest is deprecated, use googletag.setConfig({singleRequest: ...}) instead.
https://goo.gle/gpt-message#170 @ https://securepubads.g.doubleclick.net/pagead/managed/js/gpt/m202607060101/pubads_impl.js?cb=31099556:18
[    1389ms] [WARNING] [GPT] Div ID passed to googletag.display() does not match any defined slots: /1000158/01366/SP/all_foot_overlay_01.
https://goo.gle/gpt-message#26 @ https://securepubads.g.doubleclick.net/pagead/managed/js/gpt/m202607060101/pubads_impl.js?cb=31099556:18
[    1389ms] [WARNING] [GPT] Div ID passed to googletag.display() does not match any defined slots: div-gpt-ad-photo_sp_top_midlle_rec.
https://goo.gle/gpt-message#26 @ https://securepubads.g.doubleclick.net/pagead/managed/js/gpt/m202607060101/pubads_impl.js?cb=31099556:18
[    1389ms] [WARNING] [GPT] Div ID passed to googletag.display() does not match any defined slots: div-gpt-ad-photo_sp_top_midlle_rec_1.
https://goo.gle/gpt-message#26 @ https://securepubads.g.doubleclick.net/pagead/managed/js/gpt/m202607060101/pubads_impl.js?cb=31099556:18
[    1389ms] [WARNING] [GPT] Div ID passed to googletag.display() does not match any defined slots: div-gpt-ad-photo_sp_all_foot_rec_1.
https://goo.gle/gpt-message#26 @ https://securepubads.g.doubleclick.net/pagead/managed/js/gpt/m202607060101/pubads_impl.js?cb=31099556:18
[    1390ms] [WARNING] [GPT] Div ID passed to googletag.display() does not match any defined slots: div-gpt-ad-photo_sp_all_foot_rec_2.
https://goo.gle/gpt-message#26 @ https://securepubads.g.doubleclick.net/pagead/managed/js/gpt/m202607060101/pubads_impl.js?cb=31099556:18
[    1434ms] [ERROR] Access to XMLHttpRequest at 'https://test.freebie-ac.jp/api/pinnedpost.php?type=x' from origin 'https://test-lien.photo-ac.com' has been blocked by CORS policy: No 'Access-Control-Allow-Origin' header is present on the requested resource. @ https://acworks:acworks!%40%23@test-lien.photo-ac.com/:0
[    1435ms] [ERROR] Failed to fetch Twitter timeline:  @ https://acworks:acworks!%40%23@test-lien.photo-ac.com/assets/js/app-common.js?v=20260616:76
[    1435ms] [ERROR] Failed to load resource: net::ERR_FAILED @ https://test.freebie-ac.jp/api/pinnedpost.php?type=x:0
[    1805ms] [WARNING] Google Deploy of the SharedId library has been deprecated. Please select another option in the GAM UI. If you use Prebid, we suggest the Prebid.js UserId option. If you do not, you may configure GAM to allow Google to share a first party user identifier with OB and AB participants, which is either the publisherProvidedId or the __gads value when that is missing. @ https://cdn.jsdelivr.net/gh/prebid/shared-id/pubcid.js/docs/pubcid.min.js:0
[    1886ms] [ERROR] Failed to load resource: the server responded with a status of 400 () @ https://ssum-sec.casalemedia.com/usermatch?s=194558&cb=https%3A%2F%2Fu.4dex.io%2Fsetuid%3Fbidder%3Dindexexchange%26it%3Dadg-pb-clt%26uid%3D:0
[    2364ms] [ERROR] Failed to load resource: net::ERR_CONNECTION_REFUSED @ https://ib.adnxs.com/ut/v3/prebid:0
[    2370ms] [WARNING] [GPT] Slot.updateTargetingFromMap is deprecated, use Slot.setConfig({targeting: ...}) instead.
https://goo.gle/gpt-message#171 @ https://securepubads.g.doubleclick.net/pagead/managed/js/gpt/m202607060101/pubads_impl.js?cb=31099556:18
[    2756ms] [ERROR] Attestation check for Shared Storage on https://www.googleadservices.com failed. @ https://www.googleadservices.com/pagead/managed/js/activeview/current/reach_worklet.html:0
[    2756ms] [ERROR] Attestation check for Shared Storage on https://www.googleadservices.com failed. @ https://www.googleadservices.com/pagead/managed/js/activeview/current/reach_worklet.html:0
[    2968ms] [ERROR] Attestation check for Shared Storage on https://www.googleadservices.com failed. @ https://www.googleadservices.com/pagead/managed/js/activeview/current/reach_worklet.html:0
[    3011ms] [ERROR] Access to fetch at 'https://sp.gmossp-sp.jp/ads/ssp.ad?space_id=g944371&r=0.9040987589528287' from origin 'https://test-lien.photo-ac.com' has been blocked by CORS policy: No 'Access-Control-Allow-Origin' header is present on the requested resource. @ https://acworks:acworks!%40%23@test-lien.photo-ac.com/:0
[    3011ms] [ERROR] Failed to load resource: net::ERR_FAILED @ https://sp.gmossp-sp.jp/ads/ssp.ad?space_id=g944371&r=0.9040987589528287:0
[    2756ms] [ERROR] Attestation check for Shared Storage on https://www.googleadservices.com failed. @ https://www.googleadservices.com/pagead/managed/js/activeview/current/reach_worklet.html:0
[    2968ms] [ERROR] Attestation check for Shared Storage on https://www.googleadservices.com failed. @ https://www.googleadservices.com/pagead/managed/js/activeview/current/reach_worklet.html:0
[    2756ms] [ERROR] Attestation check for Shared Storage on https://www.googleadservices.com failed. @ https://www.googleadservices.com/pagead/managed/js/activeview/current/reach_worklet.html:0
[    2968ms] [ERROR] Attestation check for Shared Storage on https://www.googleadservices.com failed. @ https://www.googleadservices.com/pagead/managed/js/activeview/current/reach_worklet.html:0
[    2756ms] [ERROR] Attestation check for Shared Storage on https://www.googleadservices.com failed. @ https://www.googleadservices.com/pagead/managed/js/activeview/current/reach_worklet.html:0
[    2968ms] [ERROR] Attestation check for Shared Storage on https://www.googleadservices.com failed. @ https://www.googleadservices.com/pagead/managed/js/activeview/current/reach_worklet.html:0
[    2756ms] [ERROR] Attestation check for Shared Storage on https://www.googleadservices.com failed. @ https://www.googleadservices.com/pagead/managed/js/activeview/current/reach_worklet.html:0
[    2968ms] [ERROR] Attestation check for Shared Storage on https://www.googleadservices.com failed. @ https://www.googleadservices.com/pagead/managed/js/activeview/current/reach_worklet.html:0
[    2756ms] [ERROR] Attestation check for Shared Storage on https://www.googleadservices.com failed. @ https://www.googleadservices.com/pagead/managed/js/activeview/current/reach_worklet.html:0
[    2968ms] [ERROR] Attestation check for Shared Storage on https://www.googleadservices.com failed. @ https://www.googleadservices.com/pagead/managed/js/activeview/current/reach_worklet.html:0
[    3126ms] [ERROR] Attestation check for Shared Storage on https://www.googleadservices.com failed. @ https://www.googleadservices.com/pagead/managed/js/activeview/current/reach_worklet.html:0
[    3165ms] [ERROR] Attestation check for Shared Storage on https://www.googleadservices.com failed. @ https://www.googleadservices.com/pagead/managed/js/activeview/current/reach_worklet.html:0
[    3205ms] [ERROR] Attestation check for Shared Storage on https://www.googleadservices.com failed. @ https://www.googleadservices.com/pagead/managed/js/activeview/current/reach_worklet.html:0
[    3209ms] [ERROR] Attestation check for Shared Storage on https://www.googleadservices.com failed. @ https://www.googleadservices.com/pagead/managed/js/activeview/current/reach_worklet.html:0
[    3212ms] [ERROR] Attestation check for Shared Storage on https://www.googleadservices.com failed. @ https://www.googleadservices.com/pagead/managed/js/activeview/current/reach_worklet.html:0
[    3220ms] [ERROR] Access to fetch at 'https://sp.gmossp-sp.jp/ads/ssp.ad?space_id=g946135&r=0.4007059461542094' from origin 'https://test-lien.photo-ac.com' has been blocked by CORS policy: No 'Access-Control-Allow-Origin' header is present on the requested resource. @ https://acworks:acworks!%40%23@test-lien.photo-ac.com/:0
[    3220ms] [ERROR] Failed to load resource: net::ERR_FAILED @ https://sp.gmossp-sp.jp/ads/ssp.ad?space_id=g946135&r=0.4007059461542094:0
[    3234ms] [ERROR] Access to fetch at 'https://sp.gmossp-sp.jp/ads/ssp.ad?space_id=g946135&r=0.49147855857638356' from origin 'https://test-lien.photo-ac.com' has been blocked by CORS policy: No 'Access-Control-Allow-Origin' header is present on the requested resource. @ https://acworks:acworks!%40%23@test-lien.photo-ac.com/:0
[    3235ms] [ERROR] Failed to load resource: net::ERR_FAILED @ https://sp.gmossp-sp.jp/ads/ssp.ad?space_id=g946135&r=0.49147855857638356:0
[    3245ms] [ERROR] Access to fetch at 'https://sp.gmossp-sp.jp/ads/ssp.ad?space_id=g945954&r=0.08056479230046365' from origin 'https://test-lien.photo-ac.com' has been blocked by CORS policy: No 'Access-Control-Allow-Origin' header is present on the requested resource. @ https://acworks:acworks!%40%23@test-lien.photo-ac.com/:0
[    3245ms] [ERROR] Failed to load resource: net::ERR_FAILED @ https://sp.gmossp-sp.jp/ads/ssp.ad?space_id=g945954&r=0.08056479230046365:0
[    3253ms] [ERROR] Access to fetch at 'https://sp.gmossp-sp.jp/ads/ssp.ad?space_id=g945954&r=0.8171962984064093' from origin 'https://test-lien.photo-ac.com' has been blocked by CORS policy: No 'Access-Control-Allow-Origin' header is present on the requested resource. @ https://acworks:acworks!%40%23@test-lien.photo-ac.com/:0
[    3253ms] [ERROR] Failed to load resource: net::ERR_FAILED @ https://sp.gmossp-sp.jp/ads/ssp.ad?space_id=g945954&r=0.8171962984064093:0
[    3265ms] [ERROR] Access to fetch at 'https://sp.gmossp-sp.jp/ads/ssp.ad?space_id=g945954&r=0.3572751050636638' from origin 'https://test-lien.photo-ac.com' has been blocked by CORS policy: No 'Access-Control-Allow-Origin' header is present on the requested resource. @ https://acworks:acworks!%40%23@test-lien.photo-ac.com/:0
[    3265ms] [ERROR] Failed to load resource: net::ERR_FAILED @ https://sp.gmossp-sp.jp/ads/ssp.ad?space_id=g945954&r=0.3572751050636638:0
[    3828ms] [ERROR] Failed to load resource: net::ERR_CONNECTION_REFUSED @ https://btloader.com/tag?aax_id=AAX8H6U9H&upapi=true:0
[    7487ms] [ERROR] Failed to load resource: net::ERR_CONNECTION_REFUSED @ https://secure.adnxs.com/getuid?https%3A%2F%2Frtb-csync.smartadserver.com%2Fredir%2F%3Fissi%3D1%26partnerid%3D86%26partneruserid%3D$UID&gdpr=0&gdpr_consent=:0
[    7518ms] [ERROR] Failed to load resource: net::ERR_CONNECTION_REFUSED @ https://ib.adnxs.com/async_usersync?cbfn=queuePixels:0
[    7518ms] [ERROR] Failed to load resource: net::ERR_CONNECTION_REFUSED @ https://ib.adnxs.com/getuid?https%3A%2F%2Fce.lijit.com%2Fmerge%3Fpid%3D92%263pid%3D%24UID&gdpr=0&gdpr_consent=:0
[    7675ms] [ERROR] Failed to load resource: net::ERR_CONNECTION_REFUSED @ https://secure.adnxs.com/getuid?https%3a%2f%2fssp-sync.criteo.com%2fuser-sync%2fmatch%3fp%3dOHyG418zYSUyQkU1d0pJcTBzVGRaSWRPR1ZZczBHaVZCaGxCQW1vUDFlaXJ4RnJxMUUlM0Q%26u%3d%24UID&gdpr=0&gdpr_consent=:0
[    7784ms] [ERROR] Failed to load resource: net::ERR_CONNECTION_REFUSED @ https://ib.adnxs.com/getuid?https://id5-sync.com/c/102/2/8/2.gif?puid=$UID&gdpr=0&gdpr_consent=:0
[    7857ms] [ERROR] Not signed in with the identity provider. @ https://acworks:acworks!%40%23@test-lien.photo-ac.com/:0
[   23892ms] [ERROR] [GSI_LOGGER]: FedCM get() rejects with NetworkError: Error retrieving a token. @ https://accounts.google.com/gsi/client:87
[   64993ms] [ERROR] Failed to load resource: net::ERR_CONNECTION_REFUSED @ https://ib.adnxs.com/ut/v3/prebid:0
[    2756ms] [ERROR] Attestation check for Shared Storage on https://www.googleadservices.com failed. @ https://www.googleadservices.com/pagead/managed/js/activeview/current/reach_worklet.html:0
[    2968ms] [ERROR] Attestation check for Shared Storage on https://www.googleadservices.com failed. @ https://www.googleadservices.com/pagead/managed/js/activeview/current/reach_worklet.html:0
[    3126ms] [ERROR] Attestation check for Shared Storage on https://www.googleadservices.com failed. @ https://www.googleadservices.com/pagead/managed/js/activeview/current/reach_worklet.html:0
[    3165ms] [ERROR] Attestation check for Shared Storage on https://www.googleadservices.com failed. @ https://www.googleadservices.com/pagead/managed/js/activeview/current/reach_worklet.html:0
[    3205ms] [ERROR] Attestation check for Shared Storage on https://www.googleadservices.com failed. @ https://www.googleadservices.com/pagead/managed/js/activeview/current/reach_worklet.html:0
[    3209ms] [ERROR] Attestation check for Shared Storage on https://www.googleadservices.com failed. @ https://www.googleadservices.com/pagead/managed/js/activeview/current/reach_worklet.html:0
[    3212ms] [ERROR] Attestation check for Shared Storage on https://www.googleadservices.com failed. @ https://www.googleadservices.com/pagead/managed/js/activeview/current/reach_worklet.html:0
[   65489ms] [ERROR] Attestation check for Shared Storage on https://www.googleadservices.com failed. @ https://www.googleadservices.com/pagead/managed/js/activeview/current/reach_worklet.html:0
[   65746ms] [ERROR] Access to fetch at 'https://sp.gmossp-sp.jp/ads/ssp.ad?space_id=g944371&r=0.7232981123785519' from origin 'https://test-lien.photo-ac.com' has been blocked by CORS policy: No 'Access-Control-Allow-Origin' header is present on the requested resource. @ https://acworks:acworks!%40%23@test-lien.photo-ac.com/:0
[   65746ms] [ERROR] Failed to load resource: net::ERR_FAILED @ https://sp.gmossp-sp.jp/ads/ssp.ad?space_id=g944371&r=0.7232981123785519:0
[12433099ms] [LOG] SyntaxError: Failed to execute 'postMessage' on 'Window': Invalid target origin '://1b2b213bd7ff626a37c0b684c2ab36ce.safeframe.googlesyndication.com' in a call to 'postMessage'.
    at https://cdn.jsdelivr.net/npm/prebid-universal-creative@latest/dist/creative.js:4:5451
    at https://cdn.jsdelivr.net/npm/prebid-universal-creative@latest/dist/creative.js:4:7718
    at e.a (https://cdn.jsdelivr.net/npm/prebid-universal-creative@latest/dist/creative.js:4:7774)
    at window.ucTag.renderAd (https://cdn.jsdelivr.net/npm/prebid-universal-creative@latest/dist/creative.js:4:6273)
    at https://1b2b213bd7ff626a37c0b684c2ab36ce.safeframe.googlesyndication.com/safeframe/1-0-45/html/container.html:26:11 @ https://1b2b213bd7ff626a37c0b684c2ab36ce.safeframe.googlesyndication.com/safeframe/1-0-45/html/container.html:27
[    2756ms] [ERROR] Attestation check for Shared Storage on https://www.googleadservices.com failed. @ https://www.googleadservices.com/pagead/managed/js/activeview/current/reach_worklet.html:0
[    2968ms] [ERROR] Attestation check for Shared Storage on https://www.googleadservices.com failed. @ https://www.googleadservices.com/pagead/managed/js/activeview/current/reach_worklet.html:0
[    3126ms] [ERROR] Attestation check for Shared Storage on https://www.googleadservices.com failed. @ https://www.googleadservices.com/pagead/managed/js/activeview/current/reach_worklet.html:0
[    3165ms] [ERROR] Attestation check for Shared Storage on https://www.googleadservices.com failed. @ https://www.googleadservices.com/pagead/managed/js/activeview/current/reach_worklet.html:0
[    3205ms] [ERROR] Attestation check for Shared Storage on https://www.googleadservices.com failed. @ https://www.googleadservices.com/pagead/managed/js/activeview/current/reach_worklet.html:0
[    3209ms] [ERROR] Attestation check for Shared Storage on https://www.googleadservices.com failed. @ https://www.googleadservices.com/pagead/managed/js/activeview/current/reach_worklet.html:0
[    3212ms] [ERROR] Attestation check for Shared Storage on https://www.googleadservices.com failed. @ https://www.googleadservices.com/pagead/managed/js/activeview/current/reach_worklet.html:0
[   65489ms] [ERROR] Attestation check for Shared Storage on https://www.googleadservices.com failed. @ https://www.googleadservices.com/pagead/managed/js/activeview/current/reach_worklet.html:0
[12433284ms] [ERROR] Attestation check for Shared Storage on https://www.googleadservices.com failed. @ https://www.googleadservices.com/pagead/managed/js/activeview/current/reach_worklet.html:0
